[0.547s] DEBUG:colcon:Command line arguments: ['/usr/bin/colcon', 'build']
[0.549s] DEBUG:colcon:Parsed command line arguments: Namespace(log_base=None, log_level=None, verb_name='build', build_base='build', install_base='install', merge_install=False, symlink_install=False, test_result_base=None, continue_on_error=False, executor='parallel', parallel_workers=4, event_handlers=None, ignore_user_meta=False, metas=['./colcon.meta'], base_paths=['.'], packages_ignore=None, packages_ignore_regex=None, paths=None, packages_up_to=None, packages_up_to_regex=None, packages_above=None, packages_above_and_dependencies=None, packages_above_depth=None, packages_select_by_dep=None, packages_skip_by_dep=None, packages_skip_up_to=None, packages_select_build_failed=False, packages_skip_build_finished=False, packages_select_test_failures=False, packages_skip_test_passed=False, packages_select=None, packages_skip=None, packages_select_regex=None, packages_skip_regex=None, packages_start=None, packages_end=None, allow_overriding=[], cmake_args=None, cmake_target=None, cmake_target_skip_unavailable=False, cmake_clean_cache=False, cmake_clean_first=False, cmake_force_configure=False, ament_cmake_args=None, catkin_cmake_args=None, catkin_skip_building_tests=False, verb_parser=<colcon_defaults.argument_parser.defaults.DefaultArgumentsDecorator object at 0xffffb4aa81f0>, verb_extension=<colcon_core.verb.build.BuildVerb object at 0xffffb4bece20>, main=<bound method BuildVerb.main of <colcon_core.verb.build.BuildVerb object at 0xffffb4bece20>>)
[1.686s] Level 1:colcon.colcon_core.package_discovery:discover_packages(colcon_meta) check parameters
[1.687s] Level 1:colcon.colcon_core.package_discovery:discover_packages(recursive) check parameters
[1.687s] Level 1:colcon.colcon_core.package_discovery:discover_packages(ignore) check parameters
[1.688s] Level 1:colcon.colcon_core.package_discovery:discover_packages(path) check parameters
[1.688s] Level 1:colcon.colcon_core.package_discovery:discover_packages(colcon_meta) discover
[1.688s] Level 1:colcon.colcon_core.package_discovery:discover_packages(recursive) discover
[1.689s] INFO:colcon.colcon_core.package_discovery:Crawling recursively for packages in '/home/hi/robot_localization'
[1.689s] Level 1:colcon.colcon_core.package_identification:_identify(.) by extensions ['ignore', 'ignore_ament_install']
[1.690s] Level 1:colcon.colcon_core.package_identification:_identify(.) by extension 'ignore'
[1.690s] Level 1:colcon.colcon_core.package_identification:_identify(.) by extension 'ignore_ament_install'
[1.690s] Level 1:colcon.colcon_core.package_identification:_identify(.) by extensions ['colcon_pkg']
[1.690s] Level 1:colcon.colcon_core.package_identification:_identify(.) by extension 'colcon_pkg'
[1.691s] Level 1:colcon.colcon_core.package_identification:_identify(.) by extensions ['colcon_meta']
[1.691s] Level 1:colcon.colcon_core.package_identification:_identify(.) by extension 'colcon_meta'
[1.691s] Level 1:colcon.colcon_core.package_identification:_identify(.) by extensions ['ros']
[1.691s] Level 1:colcon.colcon_core.package_identification:_identify(.) by extension 'ros'
[1.744s] Level 1:colcon.colcon_core.package_identification:_identify(.) by extensions ['cmake', 'python']
[1.744s] Level 1:colcon.colcon_core.package_identification:_identify(.) by extension 'cmake'
[1.744s] Level 1:colcon.colcon_core.package_identification:_identify(.) by extension 'python'
[1.745s] Level 1:colcon.colcon_core.package_identification:_identify(.) by extensions ['python_setup_py']
[1.745s] Level 1:colcon.colcon_core.package_identification:_identify(.) by extension 'python_setup_py'
[1.745s] Level 1:colcon.colcon_core.package_identification:_identify(build) by extensions ['ignore', 'ignore_ament_install']
[1.746s] Level 1:colcon.colcon_core.package_identification:_identify(build) by extension 'ignore'
[1.746s] Level 1:colcon.colcon_core.package_identification:_identify(build) ignored
[1.746s] Level 1:colcon.colcon_core.package_identification:_identify(install) by extensions ['ignore', 'ignore_ament_install']
[1.747s] Level 1:colcon.colcon_core.package_identification:_identify(install) by extension 'ignore'
[1.747s] Level 1:colcon.colcon_core.package_identification:_identify(install) ignored
[1.748s] Level 1:colcon.colcon_core.package_identification:_identify(log) by extensions ['ignore', 'ignore_ament_install']
[1.748s] Level 1:colcon.colcon_core.package_identification:_identify(log) by extension 'ignore'
[1.748s] Level 1:colcon.colcon_core.package_identification:_identify(log) ignored
[1.749s] Level 1:colcon.colcon_core.package_identification:_identify(robot_localization) by extensions ['ignore', 'ignore_ament_install']
[1.749s] Level 1:colcon.colcon_core.package_identification:_identify(robot_localization) by extension 'ignore'
[1.749s] Level 1:colcon.colcon_core.package_identification:_identify(robot_localization) by extension 'ignore_ament_install'
[1.750s] Level 1:colcon.colcon_core.package_identification:_identify(robot_localization) by extensions ['colcon_pkg']
[1.750s] Level 1:colcon.colcon_core.package_identification:_identify(robot_localization) by extension 'colcon_pkg'
[1.750s] Level 1:colcon.colcon_core.package_identification:_identify(robot_localization) by extensions ['colcon_meta']
[1.750s] Level 1:colcon.colcon_core.package_identification:_identify(robot_localization) by extension 'colcon_meta'
[1.750s] Level 1:colcon.colcon_core.package_identification:_identify(robot_localization) by extensions ['ros']
[1.750s] Level 1:colcon.colcon_core.package_identification:_identify(robot_localization) by extension 'ros'
[1.767s] DEBUG:colcon.colcon_core.package_identification:Package 'robot_localization' with type 'ros.ament_cmake' and name 'robot_localization'
[1.767s] Level 1:colcon.colcon_core.package_discovery:discover_packages(recursive) using defaults
[1.767s] Level 1:colcon.colcon_core.package_discovery:discover_packages(ignore) discover
[1.768s] Level 1:colcon.colcon_core.package_discovery:discover_packages(ignore) using defaults
[1.768s] Level 1:colcon.colcon_core.package_discovery:discover_packages(path) discover
[1.768s] Level 1:colcon.colcon_core.package_discovery:discover_packages(path) using defaults
[1.851s] Level 1:colcon.colcon_core.package_discovery:discover_packages(prefix_path) check parameters
[1.851s] Level 1:colcon.colcon_core.package_discovery:discover_packages(prefix_path) discover
[1.859s] DEBUG:colcon.colcon_installed_package_information.package_discovery:Found 1 installed packages in /home/hi/work_s/install
[1.869s] DEBUG:colcon.colcon_installed_package_information.package_discovery:Found 324 installed packages in /opt/ros/humble
[1.877s] Level 1:colcon.colcon_core.package_discovery:discover_packages(prefix_path) using defaults
[2.117s] Level 5:colcon.colcon_core.verb:set package 'robot_localization' build argument 'cmake_args' from command line to 'None'
[2.117s] Level 5:colcon.colcon_core.verb:set package 'robot_localization' build argument 'cmake_target' from command line to 'None'
[2.118s] Level 5:colcon.colcon_core.verb:set package 'robot_localization' build argument 'cmake_target_skip_unavailable' from command line to 'False'
[2.118s] Level 5:colcon.colcon_core.verb:set package 'robot_localization' build argument 'cmake_clean_cache' from command line to 'False'
[2.118s] Level 5:colcon.colcon_core.verb:set package 'robot_localization' build argument 'cmake_clean_first' from command line to 'False'
[2.118s] Level 5:colcon.colcon_core.verb:set package 'robot_localization' build argument 'cmake_force_configure' from command line to 'False'
[2.118s] Level 5:colcon.colcon_core.verb:set package 'robot_localization' build argument 'ament_cmake_args' from command line to 'None'
[2.118s] Level 5:colcon.colcon_core.verb:set package 'robot_localization' build argument 'catkin_cmake_args' from command line to 'None'
[2.118s] Level 5:colcon.colcon_core.verb:set package 'robot_localization' build argument 'catkin_skip_building_tests' from command line to 'False'
[2.118s] DEBUG:colcon.colcon_core.verb:Building package 'robot_localization' with the following arguments: {'ament_cmake_args': None, 'build_base': '/home/hi/robot_localization/build/robot_localization', 'catkin_cmake_args': None, 'catkin_skip_building_tests': False, 'cmake_args': None, 'cmake_clean_cache': False, 'cmake_clean_first': False, 'cmake_force_configure': False, 'cmake_target': None, 'cmake_target_skip_unavailable': False, 'install_base': '/home/hi/robot_localization/install/robot_localization', 'merge_install': False, 'path': '/home/hi/robot_localization/robot_localization', 'symlink_install': False, 'test_result_base': None}
[2.119s] INFO:colcon.colcon_core.executor:Executing jobs using 'parallel' executor
[2.123s] DEBUG:colcon.colcon_parallel_executor.executor.parallel:run_until_complete
[2.124s] INFO:colcon.colcon_ros.task.ament_cmake.build:Building ROS package in '/home/hi/robot_localization/robot_localization' with build type 'ament_cmake'
[2.125s] INFO:colcon.colcon_cmake.task.cmake.build:Building CMake package in '/home/hi/robot_localization/robot_localization'
[2.133s] INFO:colcon.colcon_core.plugin_system:Skipping extension 'colcon_core.shell.bat': Not used on non-Windows systems
[2.134s] INFO:colcon.colcon_core.shell:Skip shell extension 'powershell' for command environment: Not usable outside of PowerShell
[2.134s] DEBUG:colcon.colcon_core.shell:Skip shell extension 'dsv' for command environment
[2.195s] DEBUG:colcon.colcon_core.event_handler.log_command:Invoking command in '/home/hi/robot_localization/build/robot_localization': CMAKE_PREFIX_PATH=${CMAKE_PREFIX_PATH}:/opt/ros/humble /usr/bin/cmake /home/hi/robot_localization/robot_localization -DCMAKE_INSTALL_PREFIX=/home/hi/robot_localization/install/robot_localization
[21.776s] DEBUG:colcon.colcon_core.event_handler.log_command:Invoked command in '/home/hi/robot_localization/build/robot_localization' returned '0': CMAKE_PREFIX_PATH=${CMAKE_PREFIX_PATH}:/opt/ros/humble /usr/bin/cmake /home/hi/robot_localization/robot_localization -DCMAKE_INSTALL_PREFIX=/home/hi/robot_localization/install/robot_localization
[21.783s] DEBUG:colcon.colcon_core.event_handler.log_command:Invoking command in '/home/hi/robot_localization/build/robot_localization': CMAKE_PREFIX_PATH=${CMAKE_PREFIX_PATH}:/opt/ros/humble /usr/bin/cmake --build /home/hi/robot_localization/build/robot_localization -- -j4 -l4
[465.533s] DEBUG:colcon.colcon_core.event_handler.log_command:Invoked command in '/home/hi/robot_localization/build/robot_localization' returned '0': CMAKE_PREFIX_PATH=${CMAKE_PREFIX_PATH}:/opt/ros/humble /usr/bin/cmake --build /home/hi/robot_localization/build/robot_localization -- -j4 -l4
[466.716s] DEBUG:colcon.colcon_core.event_handler.log_command:Invoking command in '/home/hi/robot_localization/build/robot_localization': CMAKE_PREFIX_PATH=${CMAKE_PREFIX_PATH}:/opt/ros/humble /usr/bin/cmake --install /home/hi/robot_localization/build/robot_localization
[468.248s] Level 1:colcon.colcon_core.environment:create_environment_scripts_only(robot_localization)
[468.256s] DEBUG:colcon.colcon_core.event_handler.log_command:Invoked command in '/home/hi/robot_localization/build/robot_localization' returned '0': CMAKE_PREFIX_PATH=${CMAKE_PREFIX_PATH}:/opt/ros/humble /usr/bin/cmake --install /home/hi/robot_localization/build/robot_localization
[468.302s] Level 1:colcon.colcon_core.environment:checking '/home/hi/robot_localization/install/robot_localization' for CMake module files
[468.308s] Level 1:colcon.colcon_core.environment:checking '/home/hi/robot_localization/install/robot_localization' for CMake config files
[468.312s] Level 1:colcon.colcon_core.shell:create_environment_hook('robot_localization', 'cmake_prefix_path')
[468.314s] INFO:colcon.colcon_core.shell:Creating environment hook '/home/hi/robot_localization/install/robot_localization/share/robot_localization/hook/cmake_prefix_path.ps1'
[468.326s] INFO:colcon.colcon_core.shell:Creating environment descriptor '/home/hi/robot_localization/install/robot_localization/share/robot_localization/hook/cmake_prefix_path.dsv'
[468.338s] INFO:colcon.colcon_core.shell:Creating environment hook '/home/hi/robot_localization/install/robot_localization/share/robot_localization/hook/cmake_prefix_path.sh'
[468.349s] Level 1:colcon.colcon_core.environment:checking '/home/hi/robot_localization/install/robot_localization/lib'
[468.352s] Level 1:colcon.colcon_core.shell:create_environment_hook('robot_localization', 'ld_library_path_lib')
[468.355s] INFO:colcon.colcon_core.shell:Creating environment hook '/home/hi/robot_localization/install/robot_localization/share/robot_localization/hook/ld_library_path_lib.ps1'
[468.358s] INFO:colcon.colcon_core.shell:Creating environment descriptor '/home/hi/robot_localization/install/robot_localization/share/robot_localization/hook/ld_library_path_lib.dsv'
[468.360s] INFO:colcon.colcon_core.shell:Creating environment hook '/home/hi/robot_localization/install/robot_localization/share/robot_localization/hook/ld_library_path_lib.sh'
[468.363s] Level 1:colcon.colcon_core.environment:checking '/home/hi/robot_localization/install/robot_localization/bin'
[468.363s] Level 1:colcon.colcon_core.environment:checking '/home/hi/robot_localization/install/robot_localization/lib/pkgconfig/robot_localization.pc'
[468.365s] Level 1:colcon.colcon_core.environment:checking '/home/hi/robot_localization/install/robot_localization/lib/python3.10/site-packages'
[468.366s] Level 1:colcon.colcon_core.environment:checking '/home/hi/robot_localization/install/robot_localization/bin'
[468.368s] INFO:colcon.colcon_core.shell:Creating package script '/home/hi/robot_localization/install/robot_localization/share/robot_localization/package.ps1'
[468.373s] INFO:colcon.colcon_core.shell:Creating package descriptor '/home/hi/robot_localization/install/robot_localization/share/robot_localization/package.dsv'
[468.377s] INFO:colcon.colcon_core.shell:Creating package script '/home/hi/robot_localization/install/robot_localization/share/robot_localization/package.sh'
[468.382s] INFO:colcon.colcon_core.shell:Creating package script '/home/hi/robot_localization/install/robot_localization/share/robot_localization/package.bash'
[468.386s] INFO:colcon.colcon_core.shell:Creating package script '/home/hi/robot_localization/install/robot_localization/share/robot_localization/package.zsh'
[468.389s] Level 1:colcon.colcon_core.environment:create_file_with_runtime_dependencies(/home/hi/robot_localization/install/robot_localization/share/colcon-core/packages/robot_localization)
[469.562s] Level 1:colcon.colcon_core.environment:create_environment_scripts_only(robot_localization)
[469.564s] Level 1:colcon.colcon_core.environment:checking '/home/hi/robot_localization/install/robot_localization' for CMake module files
[469.569s] Level 1:colcon.colcon_core.environment:checking '/home/hi/robot_localization/install/robot_localization' for CMake config files
[469.572s] Level 1:colcon.colcon_core.shell:create_environment_hook('robot_localization', 'cmake_prefix_path')
[469.573s] INFO:colcon.colcon_core.shell:Creating environment hook '/home/hi/robot_localization/install/robot_localization/share/robot_localization/hook/cmake_prefix_path.ps1'
[469.575s] INFO:colcon.colcon_core.shell:Creating environment descriptor '/home/hi/robot_localization/install/robot_localization/share/robot_localization/hook/cmake_prefix_path.dsv'
[469.576s] INFO:colcon.colcon_core.shell:Creating environment hook '/home/hi/robot_localization/install/robot_localization/share/robot_localization/hook/cmake_prefix_path.sh'
[469.579s] Level 1:colcon.colcon_core.environment:checking '/home/hi/robot_localization/install/robot_localization/lib'
[469.580s] Level 1:colcon.colcon_core.shell:create_environment_hook('robot_localization', 'ld_library_path_lib')
[469.581s] INFO:colcon.colcon_core.shell:Creating environment hook '/home/hi/robot_localization/install/robot_localization/share/robot_localization/hook/ld_library_path_lib.ps1'
[469.583s] INFO:colcon.colcon_core.shell:Creating environment descriptor '/home/hi/robot_localization/install/robot_localization/share/robot_localization/hook/ld_library_path_lib.dsv'
[469.585s] INFO:colcon.colcon_core.shell:Creating environment hook '/home/hi/robot_localization/install/robot_localization/share/robot_localization/hook/ld_library_path_lib.sh'
[469.586s] Level 1:colcon.colcon_core.environment:checking '/home/hi/robot_localization/install/robot_localization/bin'
[469.587s] Level 1:colcon.colcon_core.environment:checking '/home/hi/robot_localization/install/robot_localization/lib/pkgconfig/robot_localization.pc'
[469.588s] Level 1:colcon.colcon_core.environment:checking '/home/hi/robot_localization/install/robot_localization/lib/python3.10/site-packages'
[469.589s] Level 1:colcon.colcon_core.environment:checking '/home/hi/robot_localization/install/robot_localization/bin'
[469.591s] INFO:colcon.colcon_core.shell:Creating package script '/home/hi/robot_localization/install/robot_localization/share/robot_localization/package.ps1'
[469.594s] INFO:colcon.colcon_core.shell:Creating package descriptor '/home/hi/robot_localization/install/robot_localization/share/robot_localization/package.dsv'
[469.596s] INFO:colcon.colcon_core.shell:Creating package script '/home/hi/robot_localization/install/robot_localization/share/robot_localization/package.sh'
[469.598s] INFO:colcon.colcon_core.shell:Creating package script '/home/hi/robot_localization/install/robot_localization/share/robot_localization/package.bash'
[469.601s] INFO:colcon.colcon_core.shell:Creating package script '/home/hi/robot_localization/install/robot_localization/share/robot_localization/package.zsh'
[469.603s] Level 1:colcon.colcon_core.environment:create_file_with_runtime_dependencies(/home/hi/robot_localization/install/robot_localization/share/colcon-core/packages/robot_localization)
[469.604s] DEBUG:colcon.colcon_parallel_executor.executor.parallel:closing loop
[469.605s] DEBUG:colcon.colcon_parallel_executor.executor.parallel:loop closed
[469.606s] DEBUG:colcon.colcon_parallel_executor.executor.parallel:run_until_complete finished with '0'
[469.606s] DEBUG:colcon.colcon_core.event_reactor:joining thread
[469.631s] INFO:colcon.colcon_core.plugin_system:Skipping extension 'colcon_notification.desktop_notification.terminal_notifier': Not used on non-Darwin systems
[469.632s] INFO:colcon.colcon_core.plugin_system:Skipping extension 'colcon_notification.desktop_notification.win32': Not used on non-Windows systems
[469.632s] INFO:colcon.colcon_notification.desktop_notification:Sending desktop notification using 'notify2'
[469.703s] DEBUG:colcon.colcon_core.event_reactor:joined thread
[469.705s] INFO:colcon.colcon_core.shell:Creating prefix script '/home/hi/robot_localization/install/local_setup.ps1'
[469.709s] INFO:colcon.colcon_core.shell:Creating prefix util module '/home/hi/robot_localization/install/_local_setup_util_ps1.py'
[469.717s] INFO:colcon.colcon_core.shell:Creating prefix chain script '/home/hi/robot_localization/install/setup.ps1'
[469.724s] INFO:colcon.colcon_core.shell:Creating prefix script '/home/hi/robot_localization/install/local_setup.sh'
[469.727s] INFO:colcon.colcon_core.shell:Creating prefix util module '/home/hi/robot_localization/install/_local_setup_util_sh.py'
[469.731s] INFO:colcon.colcon_core.shell:Creating prefix chain script '/home/hi/robot_localization/install/setup.sh'
[469.740s] INFO:colcon.colcon_core.shell:Creating prefix script '/home/hi/robot_localization/install/local_setup.bash'
[469.743s] INFO:colcon.colcon_core.shell:Creating prefix chain script '/home/hi/robot_localization/install/setup.bash'
[469.748s] INFO:colcon.colcon_core.shell:Creating prefix script '/home/hi/robot_localization/install/local_setup.zsh'
[469.751s] INFO:colcon.colcon_core.shell:Creating prefix chain script '/home/hi/robot_localization/install/setup.zsh'
