[0.067s] Invoking command in '/home/hi/robot_localization/build/robot_localization': CMAKE_PREFIX_PATH=${CMAKE_PREFIX_PATH}:/opt/ros/humble /usr/bin/cmake --build /home/hi/robot_localization/build/robot_localization -- -j4 -l4
[0.351s] [  1%] Built target robot_localization__cpp
[0.366s] [ 11%] Built target robot_localization__rosidl_generator_c
[0.406s] [ 11%] Built target ament_cmake_python_copy_robot_localization
[0.513s] [ 21%] Built target robot_localization__rosidl_typesupport_fastrtps_cpp
[0.517s] [ 31%] Built target robot_localization__rosidl_typesupport_cpp
[0.520s] [ 41%] Built target robot_localization__rosidl_typesupport_introspection_cpp
[0.555s] [ 51%] Built target robot_localization__rosidl_typesupport_fastrtps_c
[0.652s] [ 62%] Built target robot_localization__rosidl_typesupport_c
[0.665s] [ 72%] Built target robot_localization__rosidl_typesupport_introspection_c
[0.750s] [ 79%] Built target rl_lib
[0.775s] [ 79%] Built target robot_localization
[0.902s] [ 81%] Built target robot_localization__py
[0.908s] [ 83%] Built target ekf_node
[1.029s] [ 92%] Built target robot_localization__rosidl_generator_py
[1.165s] [ 94%] Built target robot_localization__rosidl_typesupport_fastrtps_c__pyext
[1.175s] [ 97%] Built target robot_localization__rosidl_typesupport_introspection_c__pyext
[1.180s] [100%] Built target robot_localization__rosidl_typesupport_c__pyext
[1.907s] running egg_info
[1.911s] writing robot_localization.egg-info/PKG-INFO
[1.912s] writing dependency_links to robot_localization.egg-info/dependency_links.txt
[1.913s] writing top-level names to robot_localization.egg-info/top_level.txt
[1.923s] reading manifest file 'robot_localization.egg-info/SOURCES.txt'
[1.927s] writing manifest file 'robot_localization.egg-info/SOURCES.txt'
[2.070s] [100%] Built target ament_cmake_python_build_robot_localization_egg
[2.121s] Invoked command in '/home/hi/robot_localization/build/robot_localization' returned '0': CMAKE_PREFIX_PATH=${CMAKE_PREFIX_PATH}:/opt/ros/humble /usr/bin/cmake --build /home/hi/robot_localization/build/robot_localization -- -j4 -l4
[3.339s] Invoking command in '/home/hi/robot_localization/build/robot_localization': CMAKE_PREFIX_PATH=${CMAKE_PREFIX_PATH}:/opt/ros/humble /usr/bin/cmake --install /home/hi/robot_localization/build/robot_localization
[3.375s] -- Install configuration: "RelWithDebInfo"
[3.376s] -- Up-to-date: /home/hi/robot_localization/install/robot_localization/share/ament_index/resource_index/rosidl_interfaces/robot_localization
[3.376s] -- Up-to-date: /home/hi/robot_localization/install/robot_localization/include/robot_localization/robot_localization
[3.377s] -- Up-to-date: /home/hi/robot_localization/install/robot_localization/include/robot_localization/robot_localization/srv
[3.377s] -- Up-to-date: /home/hi/robot_localization/install/robot_localization/include/robot_localization/robot_localization/srv/get_state.h
[3.377s] -- Up-to-date: /home/hi/robot_localization/install/robot_localization/include/robot_localization/robot_localization/srv/set_datum.h
[3.378s] -- Up-to-date: /home/hi/robot_localization/install/robot_localization/include/robot_localization/robot_localization/srv/detail
[3.378s] -- Up-to-date: /home/hi/robot_localization/install/robot_localization/include/robot_localization/robot_localization/srv/detail/set_datum__functions.c
[3.379s] -- Up-to-date: /home/hi/robot_localization/install/robot_localization/include/robot_localization/robot_localization/srv/detail/set_datum__struct.h
[3.379s] -- Up-to-date: /home/hi/robot_localization/install/robot_localization/include/robot_localization/robot_localization/srv/detail/set_pose__functions.c
[3.379s] -- Up-to-date: /home/hi/robot_localization/install/robot_localization/include/robot_localization/robot_localization/srv/detail/set_pose__type_support.h
[3.380s] -- Up-to-date: /home/hi/robot_localization/install/robot_localization/include/robot_localization/robot_localization/srv/detail/from_ll__type_support.h
[3.380s] -- Up-to-date: /home/hi/robot_localization/install/robot_localization/include/robot_localization/robot_localization/srv/detail/from_ll__struct.h
[3.381s] -- Up-to-date: /home/hi/robot_localization/install/robot_localization/include/robot_localization/robot_localization/srv/detail/set_pose__struct.h
[3.381s] -- Up-to-date: /home/hi/robot_localization/install/robot_localization/include/robot_localization/robot_localization/srv/detail/get_state__functions.c
[3.382s] -- Up-to-date: /home/hi/robot_localization/install/robot_localization/include/robot_localization/robot_localization/srv/detail/toggle_filter_processing__type_support.h
[3.382s] -- Up-to-date: /home/hi/robot_localization/install/robot_localization/include/robot_localization/robot_localization/srv/detail/from_ll__functions.h
[3.382s] -- Up-to-date: /home/hi/robot_localization/install/robot_localization/include/robot_localization/robot_localization/srv/detail/to_ll__functions.h
[3.383s] -- Up-to-date: /home/hi/robot_localization/install/robot_localization/include/robot_localization/robot_localization/srv/detail/to_ll__struct.h
[3.383s] -- Up-to-date: /home/hi/robot_localization/install/robot_localization/include/robot_localization/robot_localization/srv/detail/get_state__struct.h
[3.383s] -- Up-to-date: /home/hi/robot_localization/install/robot_localization/include/robot_localization/robot_localization/srv/detail/to_ll__functions.c
[3.384s] -- Up-to-date: /home/hi/robot_localization/install/robot_localization/include/robot_localization/robot_localization/srv/detail/to_ll__type_support.h
[3.384s] -- Up-to-date: /home/hi/robot_localization/install/robot_localization/include/robot_localization/robot_localization/srv/detail/get_state__functions.h
[3.385s] -- Up-to-date: /home/hi/robot_localization/install/robot_localization/include/robot_localization/robot_localization/srv/detail/set_datum__functions.h
[3.385s] -- Up-to-date: /home/hi/robot_localization/install/robot_localization/include/robot_localization/robot_localization/srv/detail/toggle_filter_processing__struct.h
[3.385s] -- Up-to-date: /home/hi/robot_localization/install/robot_localization/include/robot_localization/robot_localization/srv/detail/toggle_filter_processing__functions.c
[3.386s] -- Up-to-date: /home/hi/robot_localization/install/robot_localization/include/robot_localization/robot_localization/srv/detail/get_state__type_support.h
[3.386s] -- Up-to-date: /home/hi/robot_localization/install/robot_localization/include/robot_localization/robot_localization/srv/detail/set_datum__type_support.h
[3.386s] -- Up-to-date: /home/hi/robot_localization/install/robot_localization/include/robot_localization/robot_localization/srv/detail/toggle_filter_processing__functions.h
[3.387s] -- Up-to-date: /home/hi/robot_localization/install/robot_localization/include/robot_localization/robot_localization/srv/detail/from_ll__functions.c
[3.387s] -- Up-to-date: /home/hi/robot_localization/install/robot_localization/include/robot_localization/robot_localization/srv/detail/set_pose__functions.h
[3.388s] -- Up-to-date: /home/hi/robot_localization/install/robot_localization/include/robot_localization/robot_localization/srv/to_ll.h
[3.388s] -- Up-to-date: /home/hi/robot_localization/install/robot_localization/include/robot_localization/robot_localization/srv/set_pose.h
[3.388s] -- Up-to-date: /home/hi/robot_localization/install/robot_localization/include/robot_localization/robot_localization/srv/from_ll.h
[3.389s] -- Up-to-date: /home/hi/robot_localization/install/robot_localization/include/robot_localization/robot_localization/srv/toggle_filter_processing.h
[3.389s] -- Up-to-date: /home/hi/robot_localization/install/robot_localization/include/robot_localization/robot_localization/msg
[3.389s] -- Up-to-date: /home/hi/robot_localization/install/robot_localization/include/robot_localization/robot_localization/msg/rosidl_generator_c__visibility_control.h
[3.390s] -- Up-to-date: /home/hi/robot_localization/install/robot_localization/share/robot_localization/environment/library_path.sh
[3.390s] -- Up-to-date: /home/hi/robot_localization/install/robot_localization/share/robot_localization/environment/library_path.dsv
[3.390s] -- Up-to-date: /home/hi/robot_localization/install/robot_localization/lib/librobot_localization__rosidl_generator_c.so
[3.391s] -- Up-to-date: /home/hi/robot_localization/install/robot_localization/include/robot_localization/robot_localization
[3.391s] -- Up-to-date: /home/hi/robot_localization/install/robot_localization/include/robot_localization/robot_localization/srv
[3.391s] -- Up-to-date: /home/hi/robot_localization/install/robot_localization/include/robot_localization/robot_localization/srv/detail
[3.392s] -- Up-to-date: /home/hi/robot_localization/install/robot_localization/include/robot_localization/robot_localization/srv/detail/toggle_filter_processing__rosidl_typesupport_fastrtps_c.h
[3.392s] -- Up-to-date: /home/hi/robot_localization/install/robot_localization/include/robot_localization/robot_localization/srv/detail/set_datum__rosidl_typesupport_fastrtps_c.h
[3.393s] -- Up-to-date: /home/hi/robot_localization/install/robot_localization/include/robot_localization/robot_localization/srv/detail/set_pose__rosidl_typesupport_fastrtps_c.h
[3.393s] -- Up-to-date: /home/hi/robot_localization/install/robot_localization/include/robot_localization/robot_localization/srv/detail/to_ll__rosidl_typesupport_fastrtps_c.h
[3.393s] -- Up-to-date: /home/hi/robot_localization/install/robot_localization/include/robot_localization/robot_localization/srv/detail/from_ll__rosidl_typesupport_fastrtps_c.h
[3.394s] -- Up-to-date: /home/hi/robot_localization/install/robot_localization/include/robot_localization/robot_localization/srv/detail/get_state__rosidl_typesupport_fastrtps_c.h
[3.394s] -- Up-to-date: /home/hi/robot_localization/install/robot_localization/include/robot_localization/robot_localization/msg
[3.395s] -- Up-to-date: /home/hi/robot_localization/install/robot_localization/include/robot_localization/robot_localization/msg/rosidl_typesupport_fastrtps_c__visibility_control.h
[3.396s] -- Up-to-date: /home/hi/robot_localization/install/robot_localization/lib/librobot_localization__rosidl_typesupport_fastrtps_c.so
[3.397s] -- Up-to-date: /home/hi/robot_localization/install/robot_localization/include/robot_localization/robot_localization
[3.398s] -- Up-to-date: /home/hi/robot_localization/install/robot_localization/include/robot_localization/robot_localization/srv
[3.398s] -- Up-to-date: /home/hi/robot_localization/install/robot_localization/include/robot_localization/robot_localization/srv/set_datum.hpp
[3.398s] -- Up-to-date: /home/hi/robot_localization/install/robot_localization/include/robot_localization/robot_localization/srv/detail
[3.399s] -- Up-to-date: /home/hi/robot_localization/install/robot_localization/include/robot_localization/robot_localization/srv/detail/set_datum__traits.hpp
[3.399s] -- Up-to-date: /home/hi/robot_localization/install/robot_localization/include/robot_localization/robot_localization/srv/detail/toggle_filter_processing__traits.hpp
[3.400s] -- Up-to-date: /home/hi/robot_localization/install/robot_localization/include/robot_localization/robot_localization/srv/detail/to_ll__builder.hpp
[3.400s] -- Up-to-date: /home/hi/robot_localization/install/robot_localization/include/robot_localization/robot_localization/srv/detail/set_pose__builder.hpp
[3.401s] -- Up-to-date: /home/hi/robot_localization/install/robot_localization/include/robot_localization/robot_localization/srv/detail/from_ll__builder.hpp
[3.401s] -- Up-to-date: /home/hi/robot_localization/install/robot_localization/include/robot_localization/robot_localization/srv/detail/from_ll__struct.hpp
[3.402s] -- Up-to-date: /home/hi/robot_localization/install/robot_localization/include/robot_localization/robot_localization/srv/detail/toggle_filter_processing__struct.hpp
[3.402s] -- Up-to-date: /home/hi/robot_localization/install/robot_localization/include/robot_localization/robot_localization/srv/detail/get_state__traits.hpp
[3.402s] -- Up-to-date: /home/hi/robot_localization/install/robot_localization/include/robot_localization/robot_localization/srv/detail/get_state__struct.hpp
[3.403s] -- Up-to-date: /home/hi/robot_localization/install/robot_localization/include/robot_localization/robot_localization/srv/detail/set_datum__builder.hpp
[3.403s] -- Up-to-date: /home/hi/robot_localization/install/robot_localization/include/robot_localization/robot_localization/srv/detail/set_pose__traits.hpp
[3.403s] -- Up-to-date: /home/hi/robot_localization/install/robot_localization/include/robot_localization/robot_localization/srv/detail/to_ll__struct.hpp
[3.404s] -- Up-to-date: /home/hi/robot_localization/install/robot_localization/include/robot_localization/robot_localization/srv/detail/from_ll__traits.hpp
[3.404s] -- Up-to-date: /home/hi/robot_localization/install/robot_localization/include/robot_localization/robot_localization/srv/detail/get_state__builder.hpp
[3.405s] -- Up-to-date: /home/hi/robot_localization/install/robot_localization/include/robot_localization/robot_localization/srv/detail/to_ll__traits.hpp
[3.405s] -- Up-to-date: /home/hi/robot_localization/install/robot_localization/include/robot_localization/robot_localization/srv/detail/toggle_filter_processing__builder.hpp
[3.405s] -- Up-to-date: /home/hi/robot_localization/install/robot_localization/include/robot_localization/robot_localization/srv/detail/set_pose__struct.hpp
[3.406s] -- Up-to-date: /home/hi/robot_localization/install/robot_localization/include/robot_localization/robot_localization/srv/detail/set_datum__struct.hpp
[3.406s] -- Up-to-date: /home/hi/robot_localization/install/robot_localization/include/robot_localization/robot_localization/srv/from_ll.hpp
[3.407s] -- Up-to-date: /home/hi/robot_localization/install/robot_localization/include/robot_localization/robot_localization/srv/toggle_filter_processing.hpp
[3.407s] -- Up-to-date: /home/hi/robot_localization/install/robot_localization/include/robot_localization/robot_localization/srv/to_ll.hpp
[3.407s] -- Up-to-date: /home/hi/robot_localization/install/robot_localization/include/robot_localization/robot_localization/srv/set_pose.hpp
[3.408s] -- Up-to-date: /home/hi/robot_localization/install/robot_localization/include/robot_localization/robot_localization/srv/get_state.hpp
[3.408s] -- Up-to-date: /home/hi/robot_localization/install/robot_localization/include/robot_localization/robot_localization
[3.408s] -- Up-to-date: /home/hi/robot_localization/install/robot_localization/include/robot_localization/robot_localization/srv
[3.409s] -- Up-to-date: /home/hi/robot_localization/install/robot_localization/include/robot_localization/robot_localization/srv/detail
[3.409s] -- Up-to-date: /home/hi/robot_localization/install/robot_localization/include/robot_localization/robot_localization/srv/detail/set_datum__rosidl_typesupport_fastrtps_cpp.hpp
[3.409s] -- Up-to-date: /home/hi/robot_localization/install/robot_localization/include/robot_localization/robot_localization/srv/detail/to_ll__rosidl_typesupport_fastrtps_cpp.hpp
[3.410s] -- Up-to-date: /home/hi/robot_localization/install/robot_localization/include/robot_localization/robot_localization/srv/detail/get_state__rosidl_typesupport_fastrtps_cpp.hpp
[3.410s] -- Up-to-date: /home/hi/robot_localization/install/robot_localization/include/robot_localization/robot_localization/srv/detail/dds_fastrtps
[3.411s] -- Up-to-date: /home/hi/robot_localization/install/robot_localization/include/robot_localization/robot_localization/srv/detail/from_ll__rosidl_typesupport_fastrtps_cpp.hpp
[3.411s] -- Up-to-date: /home/hi/robot_localization/install/robot_localization/include/robot_localization/robot_localization/srv/detail/set_pose__rosidl_typesupport_fastrtps_cpp.hpp
[3.411s] -- Up-to-date: /home/hi/robot_localization/install/robot_localization/include/robot_localization/robot_localization/srv/detail/toggle_filter_processing__rosidl_typesupport_fastrtps_cpp.hpp
[3.412s] -- Up-to-date: /home/hi/robot_localization/install/robot_localization/include/robot_localization/robot_localization/msg
[3.412s] -- Up-to-date: /home/hi/robot_localization/install/robot_localization/include/robot_localization/robot_localization/msg/rosidl_typesupport_fastrtps_cpp__visibility_control.h
[3.412s] -- Up-to-date: /home/hi/robot_localization/install/robot_localization/lib/librobot_localization__rosidl_typesupport_fastrtps_cpp.so
[3.413s] -- Up-to-date: /home/hi/robot_localization/install/robot_localization/include/robot_localization/robot_localization
[3.413s] -- Up-to-date: /home/hi/robot_localization/install/robot_localization/include/robot_localization/robot_localization/srv
[3.414s] -- Up-to-date: /home/hi/robot_localization/install/robot_localization/include/robot_localization/robot_localization/srv/detail
[3.414s] -- Up-to-date: /home/hi/robot_localization/install/robot_localization/include/robot_localization/robot_localization/srv/detail/to_ll__type_support.c
[3.415s] -- Up-to-date: /home/hi/robot_localization/install/robot_localization/include/robot_localization/robot_localization/srv/detail/toggle_filter_processing__rosidl_typesupport_introspection_c.h
[3.415s] -- Up-to-date: /home/hi/robot_localization/install/robot_localization/include/robot_localization/robot_localization/srv/detail/get_state__type_support.c
[3.416s] -- Up-to-date: /home/hi/robot_localization/install/robot_localization/include/robot_localization/robot_localization/srv/detail/from_ll__rosidl_typesupport_introspection_c.h
[3.416s] -- Up-to-date: /home/hi/robot_localization/install/robot_localization/include/robot_localization/robot_localization/srv/detail/set_datum__rosidl_typesupport_introspection_c.h
[3.417s] -- Up-to-date: /home/hi/robot_localization/install/robot_localization/include/robot_localization/robot_localization/srv/detail/set_pose__type_support.c
[3.417s] -- Up-to-date: /home/hi/robot_localization/install/robot_localization/include/robot_localization/robot_localization/srv/detail/from_ll__type_support.c
[3.417s] -- Up-to-date: /home/hi/robot_localization/install/robot_localization/include/robot_localization/robot_localization/srv/detail/set_pose__rosidl_typesupport_introspection_c.h
[3.418s] -- Up-to-date: /home/hi/robot_localization/install/robot_localization/include/robot_localization/robot_localization/srv/detail/to_ll__rosidl_typesupport_introspection_c.h
[3.418s] -- Up-to-date: /home/hi/robot_localization/install/robot_localization/include/robot_localization/robot_localization/srv/detail/toggle_filter_processing__type_support.c
[3.418s] -- Up-to-date: /home/hi/robot_localization/install/robot_localization/include/robot_localization/robot_localization/srv/detail/get_state__rosidl_typesupport_introspection_c.h
[3.419s] -- Up-to-date: /home/hi/robot_localization/install/robot_localization/include/robot_localization/robot_localization/srv/detail/set_datum__type_support.c
[3.419s] -- Up-to-date: /home/hi/robot_localization/install/robot_localization/include/robot_localization/robot_localization/msg
[3.419s] -- Up-to-date: /home/hi/robot_localization/install/robot_localization/include/robot_localization/robot_localization/msg/rosidl_typesupport_introspection_c__visibility_control.h
[3.420s] -- Up-to-date: /home/hi/robot_localization/install/robot_localization/lib/librobot_localization__rosidl_typesupport_introspection_c.so
[3.422s] -- Up-to-date: /home/hi/robot_localization/install/robot_localization/lib/librobot_localization__rosidl_typesupport_c.so
[3.423s] -- Up-to-date: /home/hi/robot_localization/install/robot_localization/include/robot_localization/robot_localization
[3.424s] -- Up-to-date: /home/hi/robot_localization/install/robot_localization/include/robot_localization/robot_localization/srv
[3.424s] -- Up-to-date: /home/hi/robot_localization/install/robot_localization/include/robot_localization/robot_localization/srv/detail
[3.425s] -- Up-to-date: /home/hi/robot_localization/install/robot_localization/include/robot_localization/robot_localization/srv/detail/set_datum__rosidl_typesupport_introspection_cpp.hpp
[3.425s] -- Up-to-date: /home/hi/robot_localization/install/robot_localization/include/robot_localization/robot_localization/srv/detail/set_pose__type_support.cpp
[3.426s] -- Up-to-date: /home/hi/robot_localization/install/robot_localization/include/robot_localization/robot_localization/srv/detail/to_ll__rosidl_typesupport_introspection_cpp.hpp
[3.426s] -- Up-to-date: /home/hi/robot_localization/install/robot_localization/include/robot_localization/robot_localization/srv/detail/set_pose__rosidl_typesupport_introspection_cpp.hpp
[3.427s] -- Up-to-date: /home/hi/robot_localization/install/robot_localization/include/robot_localization/robot_localization/srv/detail/get_state__rosidl_typesupport_introspection_cpp.hpp
[3.427s] -- Up-to-date: /home/hi/robot_localization/install/robot_localization/include/robot_localization/robot_localization/srv/detail/from_ll__rosidl_typesupport_introspection_cpp.hpp
[3.427s] -- Up-to-date: /home/hi/robot_localization/install/robot_localization/include/robot_localization/robot_localization/srv/detail/set_datum__type_support.cpp
[3.428s] -- Up-to-date: /home/hi/robot_localization/install/robot_localization/include/robot_localization/robot_localization/srv/detail/from_ll__type_support.cpp
[3.428s] -- Up-to-date: /home/hi/robot_localization/install/robot_localization/include/robot_localization/robot_localization/srv/detail/to_ll__type_support.cpp
[3.429s] -- Up-to-date: /home/hi/robot_localization/install/robot_localization/include/robot_localization/robot_localization/srv/detail/get_state__type_support.cpp
[3.429s] -- Up-to-date: /home/hi/robot_localization/install/robot_localization/include/robot_localization/robot_localization/srv/detail/toggle_filter_processing__rosidl_typesupport_introspection_cpp.hpp
[3.429s] -- Up-to-date: /home/hi/robot_localization/install/robot_localization/include/robot_localization/robot_localization/srv/detail/toggle_filter_processing__type_support.cpp
[3.430s] -- Up-to-date: /home/hi/robot_localization/install/robot_localization/lib/librobot_localization__rosidl_typesupport_introspection_cpp.so
[3.432s] -- Up-to-date: /home/hi/robot_localization/install/robot_localization/lib/librobot_localization__rosidl_typesupport_cpp.so
[3.434s] -- Up-to-date: /home/hi/robot_localization/install/robot_localization/share/robot_localization/environment/pythonpath.sh
[3.434s] -- Up-to-date: /home/hi/robot_localization/install/robot_localization/share/robot_localization/environment/pythonpath.dsv
[3.434s] -- Up-to-date: /home/hi/robot_localization/install/robot_localization/local/lib/python3.10/dist-packages/robot_localization-3.5.3-py3.10.egg-info
[3.435s] -- Installing: /home/hi/robot_localization/install/robot_localization/local/lib/python3.10/dist-packages/robot_localization-3.5.3-py3.10.egg-info/dependency_links.txt
[3.437s] -- Installing: /home/hi/robot_localization/install/robot_localization/local/lib/python3.10/dist-packages/robot_localization-3.5.3-py3.10.egg-info/top_level.txt
[3.438s] -- Installing: /home/hi/robot_localization/install/robot_localization/local/lib/python3.10/dist-packages/robot_localization-3.5.3-py3.10.egg-info/SOURCES.txt
[3.439s] -- Installing: /home/hi/robot_localization/install/robot_localization/local/lib/python3.10/dist-packages/robot_localization-3.5.3-py3.10.egg-info/PKG-INFO
[3.441s] -- Up-to-date: /home/hi/robot_localization/install/robot_localization/local/lib/python3.10/dist-packages/robot_localization
[3.442s] -- Up-to-date: /home/hi/robot_localization/install/robot_localization/local/lib/python3.10/dist-packages/robot_localization/_robot_localization_s.ep.rosidl_typesupport_c.c
[3.443s] -- Up-to-date: /home/hi/robot_localization/install/robot_localization/local/lib/python3.10/dist-packages/robot_localization/_robot_localization_s.ep.rosidl_typesupport_fastrtps_c.c
[3.443s] -- Up-to-date: /home/hi/robot_localization/install/robot_localization/local/lib/python3.10/dist-packages/robot_localization/robot_localization_s__rosidl_typesupport_introspection_c.cpython-310-aarch64-linux-gnu.so
[3.444s] -- Up-to-date: /home/hi/robot_localization/install/robot_localization/local/lib/python3.10/dist-packages/robot_localization/_robot_localization_s.ep.rosidl_typesupport_introspection_c.c
[3.444s] -- Up-to-date: /home/hi/robot_localization/install/robot_localization/local/lib/python3.10/dist-packages/robot_localization/srv
[3.445s] -- Up-to-date: /home/hi/robot_localization/install/robot_localization/local/lib/python3.10/dist-packages/robot_localization/srv/_set_pose_s.c
[3.446s] -- Up-to-date: /home/hi/robot_localization/install/robot_localization/local/lib/python3.10/dist-packages/robot_localization/srv/_toggle_filter_processing_s.c
[3.446s] -- Up-to-date: /home/hi/robot_localization/install/robot_localization/local/lib/python3.10/dist-packages/robot_localization/srv/_to_ll_s.c
[3.448s] -- Up-to-date: /home/hi/robot_localization/install/robot_localization/local/lib/python3.10/dist-packages/robot_localization/srv/_set_pose.py
[3.448s] -- Up-to-date: /home/hi/robot_localization/install/robot_localization/local/lib/python3.10/dist-packages/robot_localization/srv/_from_ll_s.c
[3.449s] -- Up-to-date: /home/hi/robot_localization/install/robot_localization/local/lib/python3.10/dist-packages/robot_localization/srv/_set_datum_s.c
[3.449s] -- Up-to-date: /home/hi/robot_localization/install/robot_localization/local/lib/python3.10/dist-packages/robot_localization/srv/_set_datum.py
[3.454s] -- Up-to-date: /home/hi/robot_localization/install/robot_localization/local/lib/python3.10/dist-packages/robot_localization/srv/__init__.py
[3.454s] -- Up-to-date: /home/hi/robot_localization/install/robot_localization/local/lib/python3.10/dist-packages/robot_localization/srv/_get_state.py
[3.454s] -- Up-to-date: /home/hi/robot_localization/install/robot_localization/local/lib/python3.10/dist-packages/robot_localization/srv/_get_state_s.c
[3.455s] -- Up-to-date: /home/hi/robot_localization/install/robot_localization/local/lib/python3.10/dist-packages/robot_localization/srv/_from_ll.py
[3.455s] -- Up-to-date: /home/hi/robot_localization/install/robot_localization/local/lib/python3.10/dist-packages/robot_localization/srv/_to_ll.py
[3.456s] -- Up-to-date: /home/hi/robot_localization/install/robot_localization/local/lib/python3.10/dist-packages/robot_localization/srv/_toggle_filter_processing.py
[3.456s] -- Up-to-date: /home/hi/robot_localization/install/robot_localization/local/lib/python3.10/dist-packages/robot_localization/robot_localization_s__rosidl_typesupport_c.cpython-310-aarch64-linux-gnu.so
[3.456s] -- Up-to-date: /home/hi/robot_localization/install/robot_localization/local/lib/python3.10/dist-packages/robot_localization/librobot_localization__rosidl_generator_py.so
[3.457s] -- Up-to-date: /home/hi/robot_localization/install/robot_localization/local/lib/python3.10/dist-packages/robot_localization/__init__.py
[3.457s] -- Up-to-date: /home/hi/robot_localization/install/robot_localization/local/lib/python3.10/dist-packages/robot_localization/robot_localization_s__rosidl_typesupport_fastrtps_c.cpython-310-aarch64-linux-gnu.so
[3.610s] Listing '/home/hi/robot_localization/install/robot_localization/local/lib/python3.10/dist-packages/robot_localization'...
[3.611s] Listing '/home/hi/robot_localization/install/robot_localization/local/lib/python3.10/dist-packages/robot_localization/srv'...
[3.635s] -- Up-to-date: /home/hi/robot_localization/install/robot_localization/local/lib/python3.10/dist-packages/robot_localization/robot_localization_s__rosidl_typesupport_fastrtps_c.cpython-310-aarch64-linux-gnu.so
[3.637s] -- Up-to-date: /home/hi/robot_localization/install/robot_localization/local/lib/python3.10/dist-packages/robot_localization/robot_localization_s__rosidl_typesupport_introspection_c.cpython-310-aarch64-linux-gnu.so
[3.640s] -- Up-to-date: /home/hi/robot_localization/install/robot_localization/local/lib/python3.10/dist-packages/robot_localization/robot_localization_s__rosidl_typesupport_c.cpython-310-aarch64-linux-gnu.so
[3.644s] -- Up-to-date: /home/hi/robot_localization/install/robot_localization/lib/librobot_localization__rosidl_generator_py.so
[3.646s] -- Up-to-date: /home/hi/robot_localization/install/robot_localization/share/robot_localization/srv/FromLL.idl
[3.647s] -- Up-to-date: /home/hi/robot_localization/install/robot_localization/share/robot_localization/srv/GetState.idl
[3.648s] -- Up-to-date: /home/hi/robot_localization/install/robot_localization/share/robot_localization/srv/SetDatum.idl
[3.649s] -- Up-to-date: /home/hi/robot_localization/install/robot_localization/share/robot_localization/srv/SetPose.idl
[3.651s] -- Up-to-date: /home/hi/robot_localization/install/robot_localization/share/robot_localization/srv/ToggleFilterProcessing.idl
[3.652s] -- Up-to-date: /home/hi/robot_localization/install/robot_localization/share/robot_localization/srv/ToLL.idl
[3.653s] -- Up-to-date: /home/hi/robot_localization/install/robot_localization/share/robot_localization/srv/FromLL.srv
[3.655s] -- Up-to-date: /home/hi/robot_localization/install/robot_localization/share/robot_localization/srv/FromLL_Request.msg
[3.656s] -- Up-to-date: /home/hi/robot_localization/install/robot_localization/share/robot_localization/srv/FromLL_Response.msg
[3.657s] -- Up-to-date: /home/hi/robot_localization/install/robot_localization/share/robot_localization/srv/GetState.srv
[3.658s] -- Up-to-date: /home/hi/robot_localization/install/robot_localization/share/robot_localization/srv/GetState_Request.msg
[3.658s] -- Up-to-date: /home/hi/robot_localization/install/robot_localization/share/robot_localization/srv/GetState_Response.msg
[3.659s] -- Up-to-date: /home/hi/robot_localization/install/robot_localization/share/robot_localization/srv/SetDatum.srv
[3.659s] -- Up-to-date: /home/hi/robot_localization/install/robot_localization/share/robot_localization/srv/SetDatum_Request.msg
[3.660s] -- Up-to-date: /home/hi/robot_localization/install/robot_localization/share/robot_localization/srv/SetDatum_Response.msg
[3.660s] -- Up-to-date: /home/hi/robot_localization/install/robot_localization/share/robot_localization/srv/SetPose.srv
[3.661s] -- Up-to-date: /home/hi/robot_localization/install/robot_localization/share/robot_localization/srv/SetPose_Request.msg
[3.661s] -- Up-to-date: /home/hi/robot_localization/install/robot_localization/share/robot_localization/srv/SetPose_Response.msg
[3.661s] -- Up-to-date: /home/hi/robot_localization/install/robot_localization/share/robot_localization/srv/ToggleFilterProcessing.srv
[3.662s] -- Up-to-date: /home/hi/robot_localization/install/robot_localization/share/robot_localization/srv/ToggleFilterProcessing_Request.msg
[3.662s] -- Up-to-date: /home/hi/robot_localization/install/robot_localization/share/robot_localization/srv/ToggleFilterProcessing_Response.msg
[3.662s] -- Up-to-date: /home/hi/robot_localization/install/robot_localization/share/robot_localization/srv/ToLL.srv
[3.663s] -- Up-to-date: /home/hi/robot_localization/install/robot_localization/share/robot_localization/srv/ToLL_Request.msg
[3.663s] -- Up-to-date: /home/hi/robot_localization/install/robot_localization/share/robot_localization/srv/ToLL_Response.msg
[3.664s] -- Up-to-date: /home/hi/robot_localization/install/robot_localization/lib/robot_localization/ekf_node
[3.664s] -- Up-to-date: /home/hi/robot_localization/install/robot_localization/lib/librl_lib.so
[3.666s] -- Up-to-date: /home/hi/robot_localization/install/robot_localization/include/robot_localization
[3.666s] -- Up-to-date: /home/hi/robot_localization/install/robot_localization/include/robot_localization/robot_localization
[3.666s] -- Up-to-date: /home/hi/robot_localization/install/robot_localization/include/robot_localization/robot_localization/ros_filter_types.hpp
[3.667s] -- Up-to-date: /home/hi/robot_localization/install/robot_localization/include/robot_localization/robot_localization/ros_filter.hpp
[3.667s] -- Up-to-date: /home/hi/robot_localization/install/robot_localization/include/robot_localization/robot_localization/ekf.hpp
[3.668s] -- Up-to-date: /home/hi/robot_localization/install/robot_localization/include/robot_localization/robot_localization/filter_state.hpp
[3.668s] -- Up-to-date: /home/hi/robot_localization/install/robot_localization/include/robot_localization/robot_localization/measurement.hpp
[3.668s] -- Up-to-date: /home/hi/robot_localization/install/robot_localization/include/robot_localization/robot_localization/filter_utilities.hpp
[3.669s] -- Up-to-date: /home/hi/robot_localization/install/robot_localization/include/robot_localization/robot_localization/filter_common.hpp
[3.669s] -- Up-to-date: /home/hi/robot_localization/install/robot_localization/include/robot_localization/robot_localization/ros_filter_utilities.hpp
[3.670s] -- Up-to-date: /home/hi/robot_localization/install/robot_localization/include/robot_localization/robot_localization/filter_base.hpp
[3.670s] -- Up-to-date: /home/hi/robot_localization/install/robot_localization/share/robot_localization/params
[3.670s] -- Up-to-date: /home/hi/robot_localization/install/robot_localization/share/robot_localization/params/ekf.yaml
[3.671s] -- Up-to-date: /home/hi/robot_localization/install/robot_localization/share/robot_localization/launch
[3.671s] -- Up-to-date: /home/hi/robot_localization/install/robot_localization/share/robot_localization/launch/ekf.launch.py
[3.672s] -- Up-to-date: /home/hi/robot_localization/install/robot_localization/share/ament_index/resource_index/package_run_dependencies/robot_localization
[3.672s] -- Up-to-date: /home/hi/robot_localization/install/robot_localization/share/ament_index/resource_index/parent_prefix_path/robot_localization
[3.673s] -- Up-to-date: /home/hi/robot_localization/install/robot_localization/share/robot_localization/environment/ament_prefix_path.sh
[3.673s] -- Up-to-date: /home/hi/robot_localization/install/robot_localization/share/robot_localization/environment/ament_prefix_path.dsv
[3.674s] -- Up-to-date: /home/hi/robot_localization/install/robot_localization/share/robot_localization/environment/path.sh
[3.674s] -- Up-to-date: /home/hi/robot_localization/install/robot_localization/share/robot_localization/environment/path.dsv
[3.674s] -- Up-to-date: /home/hi/robot_localization/install/robot_localization/share/robot_localization/local_setup.bash
[3.675s] -- Up-to-date: /home/hi/robot_localization/install/robot_localization/share/robot_localization/local_setup.sh
[3.675s] -- Up-to-date: /home/hi/robot_localization/install/robot_localization/share/robot_localization/local_setup.zsh
[3.675s] -- Up-to-date: /home/hi/robot_localization/install/robot_localization/share/robot_localization/local_setup.dsv
[3.676s] -- Installing: /home/hi/robot_localization/install/robot_localization/share/robot_localization/package.dsv
[3.676s] -- Up-to-date: /home/hi/robot_localization/install/robot_localization/share/ament_index/resource_index/packages/robot_localization
[3.677s] -- Up-to-date: /home/hi/robot_localization/install/robot_localization/share/robot_localization/cmake/export_robot_localization__rosidl_generator_cExport.cmake
[3.678s] -- Up-to-date: /home/hi/robot_localization/install/robot_localization/share/robot_localization/cmake/export_robot_localization__rosidl_generator_cExport-relwithdebinfo.cmake
[3.679s] -- Up-to-date: /home/hi/robot_localization/install/robot_localization/share/robot_localization/cmake/export_robot_localization__rosidl_typesupport_fastrtps_cExport.cmake
[3.679s] -- Up-to-date: /home/hi/robot_localization/install/robot_localization/share/robot_localization/cmake/export_robot_localization__rosidl_typesupport_fastrtps_cExport-relwithdebinfo.cmake
[3.680s] -- Up-to-date: /home/hi/robot_localization/install/robot_localization/share/robot_localization/cmake/export_robot_localization__rosidl_generator_cppExport.cmake
[3.681s] -- Up-to-date: /home/hi/robot_localization/install/robot_localization/share/robot_localization/cmake/export_robot_localization__rosidl_typesupport_fastrtps_cppExport.cmake
[3.682s] -- Up-to-date: /home/hi/robot_localization/install/robot_localization/share/robot_localization/cmake/export_robot_localization__rosidl_typesupport_fastrtps_cppExport-relwithdebinfo.cmake
[3.683s] -- Up-to-date: /home/hi/robot_localization/install/robot_localization/share/robot_localization/cmake/robot_localization__rosidl_typesupport_introspection_cExport.cmake
[3.683s] -- Up-to-date: /home/hi/robot_localization/install/robot_localization/share/robot_localization/cmake/robot_localization__rosidl_typesupport_introspection_cExport-relwithdebinfo.cmake
[3.684s] -- Up-to-date: /home/hi/robot_localization/install/robot_localization/share/robot_localization/cmake/robot_localization__rosidl_typesupport_cExport.cmake
[3.685s] -- Up-to-date: /home/hi/robot_localization/install/robot_localization/share/robot_localization/cmake/robot_localization__rosidl_typesupport_cExport-relwithdebinfo.cmake
[3.686s] -- Up-to-date: /home/hi/robot_localization/install/robot_localization/share/robot_localization/cmake/robot_localization__rosidl_typesupport_introspection_cppExport.cmake
[3.686s] -- Up-to-date: /home/hi/robot_localization/install/robot_localization/share/robot_localization/cmake/robot_localization__rosidl_typesupport_introspection_cppExport-relwithdebinfo.cmake
[3.687s] -- Up-to-date: /home/hi/robot_localization/install/robot_localization/share/robot_localization/cmake/robot_localization__rosidl_typesupport_cppExport.cmake
[3.688s] -- Up-to-date: /home/hi/robot_localization/install/robot_localization/share/robot_localization/cmake/robot_localization__rosidl_typesupport_cppExport-relwithdebinfo.cmake
[3.689s] -- Up-to-date: /home/hi/robot_localization/install/robot_localization/share/robot_localization/cmake/export_robot_localization__rosidl_generator_pyExport.cmake
[3.689s] -- Up-to-date: /home/hi/robot_localization/install/robot_localization/share/robot_localization/cmake/export_robot_localization__rosidl_generator_pyExport-relwithdebinfo.cmake
[3.690s] -- Up-to-date: /home/hi/robot_localization/install/robot_localization/share/robot_localization/cmake/rosidl_cmake-extras.cmake
[3.690s] -- Up-to-date: /home/hi/robot_localization/install/robot_localization/share/robot_localization/cmake/ament_cmake_export_dependencies-extras.cmake
[3.691s] -- Up-to-date: /home/hi/robot_localization/install/robot_localization/share/robot_localization/cmake/ament_cmake_export_include_directories-extras.cmake
[3.691s] -- Up-to-date: /home/hi/robot_localization/install/robot_localization/share/robot_localization/cmake/ament_cmake_export_libraries-extras.cmake
[3.692s] -- Up-to-date: /home/hi/robot_localization/install/robot_localization/share/robot_localization/cmake/ament_cmake_export_targets-extras.cmake
[3.692s] -- Up-to-date: /home/hi/robot_localization/install/robot_localization/share/robot_localization/cmake/rosidl_cmake_export_typesupport_targets-extras.cmake
[3.693s] -- Up-to-date: /home/hi/robot_localization/install/robot_localization/share/robot_localization/cmake/rosidl_cmake_export_typesupport_libraries-extras.cmake
[3.693s] -- Up-to-date: /home/hi/robot_localization/install/robot_localization/share/robot_localization/cmake/robot_localizationConfig.cmake
[3.694s] -- Up-to-date: /home/hi/robot_localization/install/robot_localization/share/robot_localization/cmake/robot_localizationConfig-version.cmake
[3.694s] -- Up-to-date: /home/hi/robot_localization/install/robot_localization/share/robot_localization/package.xml
[3.702s] Invoked command in '/home/hi/robot_localization/build/robot_localization' returned '0': CMAKE_PREFIX_PATH=${CMAKE_PREFIX_PATH}:/opt/ros/humble /usr/bin/cmake --install /home/hi/robot_localization/build/robot_localization
