[0.077s] Invoking command in '/home/hi/robot_localization/build/robot_localization': CMAKE_PREFIX_PATH=${CMAKE_PREFIX_PATH}:/opt/ros/humble /usr/bin/cmake --build /home/hi/robot_localization/build/robot_localization -- -j4 -l4
[0.615s] [35m[1mConsolidate compiler generated dependencies of target robot_localization__rosidl_generator_c[0m
[0.629s] [  1%] Built target robot_localization__cpp
[0.690s] [ 11%] Built target robot_localization__rosidl_generator_c
[0.728s] [35m[1mConsolidate compiler generated dependencies of target robot_localization__rosidl_typesupport_cpp[0m
[0.739s] [35m[1mConsolidate compiler generated dependencies of target robot_localization__rosidl_typesupport_fastrtps_cpp[0m
[0.769s] [ 11%] Built target ament_cmake_python_copy_robot_localization
[0.805s] [35m[1mConsolidate compiler generated dependencies of target robot_localization__rosidl_typesupport_introspection_cpp[0m
[0.824s] [ 21%] Built target robot_localization__rosidl_typesupport_cpp
[0.853s] [ 31%] Built target robot_localization__rosidl_typesupport_fastrtps_cpp
[0.884s] [35m[1mConsolidate compiler generated dependencies of target robot_localization__rosidl_typesupport_fastrtps_c[0m
[0.910s] [35m[1mConsolidate compiler generated dependencies of target robot_localization__rosidl_typesupport_introspection_c[0m
[0.913s] [ 41%] Built target robot_localization__rosidl_typesupport_introspection_cpp
[0.965s] [35m[1mConsolidate compiler generated dependencies of target robot_localization__rosidl_typesupport_c[0m
[1.003s] [ 58%] Built target robot_localization__rosidl_typesupport_fastrtps_c
[1.007s] [ 62%] Built target robot_localization__rosidl_typesupport_introspection_c
[1.098s] [ 72%] Built target robot_localization__rosidl_typesupport_c
[1.181s] [35m[1mConsolidate compiler generated dependencies of target rl_lib[0m
[1.230s] [ 72%] Built target robot_localization
[1.376s] [ 73%] Built target robot_localization__py
[1.381s] [ 81%] Built target rl_lib
[1.450s] [35m[1mConsolidate compiler generated dependencies of target ekf_node[0m
[1.454s] [35m[1mConsolidate compiler generated dependencies of target robot_localization__rosidl_generator_py[0m
[1.557s] [ 89%] Built target robot_localization__rosidl_generator_py
[1.580s] [ 92%] Built target ekf_node
[1.628s] [35m[1mConsolidate compiler generated dependencies of target robot_localization__rosidl_typesupport_introspection_c__pyext[0m
[1.652s] [35m[1mConsolidate compiler generated dependencies of target robot_localization__rosidl_typesupport_fastrtps_c__pyext[0m
[1.665s] [35m[1mConsolidate compiler generated dependencies of target robot_localization__rosidl_typesupport_c__pyext[0m
[1.714s] [ 94%] Built target robot_localization__rosidl_typesupport_introspection_c__pyext
[1.732s] [ 97%] Built target robot_localization__rosidl_typesupport_fastrtps_c__pyext
[1.749s] [100%] Built target robot_localization__rosidl_typesupport_c__pyext
[2.445s] running egg_info
[2.451s] writing robot_localization.egg-info/PKG-INFO
[2.453s] writing dependency_links to robot_localization.egg-info/dependency_links.txt
[2.454s] writing top-level names to robot_localization.egg-info/top_level.txt
[2.469s] reading manifest file 'robot_localization.egg-info/SOURCES.txt'
[2.472s] writing manifest file 'robot_localization.egg-info/SOURCES.txt'
[2.617s] [100%] Built target ament_cmake_python_build_robot_localization_egg
[2.670s] Invoked command in '/home/hi/robot_localization/build/robot_localization' returned '0': CMAKE_PREFIX_PATH=${CMAKE_PREFIX_PATH}:/opt/ros/humble /usr/bin/cmake --build /home/hi/robot_localization/build/robot_localization -- -j4 -l4
[3.926s] Invoking command in '/home/hi/robot_localization/build/robot_localization': CMAKE_PREFIX_PATH=${CMAKE_PREFIX_PATH}:/opt/ros/humble /usr/bin/cmake --install /home/hi/robot_localization/build/robot_localization
[3.966s] -- Install configuration: "RelWithDebInfo"
[3.968s] -- Up-to-date: /home/hi/robot_localization/install/robot_localization/share/ament_index/resource_index/rosidl_interfaces/robot_localization
[3.970s] -- Up-to-date: /home/hi/robot_localization/install/robot_localization/include/robot_localization/robot_localization
[3.971s] -- Up-to-date: /home/hi/robot_localization/install/robot_localization/include/robot_localization/robot_localization/srv
[3.972s] -- Up-to-date: /home/hi/robot_localization/install/robot_localization/include/robot_localization/robot_localization/srv/get_state.h
[3.973s] -- Up-to-date: /home/hi/robot_localization/install/robot_localization/include/robot_localization/robot_localization/srv/set_datum.h
[3.974s] -- Up-to-date: /home/hi/robot_localization/install/robot_localization/include/robot_localization/robot_localization/srv/detail
[3.974s] -- Up-to-date: /home/hi/robot_localization/install/robot_localization/include/robot_localization/robot_localization/srv/detail/set_datum__functions.c
[3.975s] -- Up-to-date: /home/hi/robot_localization/install/robot_localization/include/robot_localization/robot_localization/srv/detail/set_datum__struct.h
[3.978s] -- Up-to-date: /home/hi/robot_localization/install/robot_localization/include/robot_localization/robot_localization/srv/detail/set_pose__functions.c
[3.983s] -- Up-to-date: /home/hi/robot_localization/install/robot_localization/include/robot_localization/robot_localization/srv/detail/set_pose__type_support.h
[3.985s] -- Up-to-date: /home/hi/robot_localization/install/robot_localization/include/robot_localization/robot_localization/srv/detail/from_ll__type_support.h
[3.986s] -- Up-to-date: /home/hi/robot_localization/install/robot_localization/include/robot_localization/robot_localization/srv/detail/from_ll__struct.h
[3.986s] -- Up-to-date: /home/hi/robot_localization/install/robot_localization/include/robot_localization/robot_localization/srv/detail/set_pose__struct.h
[3.987s] -- Up-to-date: /home/hi/robot_localization/install/robot_localization/include/robot_localization/robot_localization/srv/detail/get_state__functions.c
[3.988s] -- Up-to-date: /home/hi/robot_localization/install/robot_localization/include/robot_localization/robot_localization/srv/detail/toggle_filter_processing__type_support.h
[3.988s] -- Up-to-date: /home/hi/robot_localization/install/robot_localization/include/robot_localization/robot_localization/srv/detail/from_ll__functions.h
[3.989s] -- Up-to-date: /home/hi/robot_localization/install/robot_localization/include/robot_localization/robot_localization/srv/detail/to_ll__functions.h
[3.990s] -- Up-to-date: /home/hi/robot_localization/install/robot_localization/include/robot_localization/robot_localization/srv/detail/to_ll__struct.h
[3.990s] -- Up-to-date: /home/hi/robot_localization/install/robot_localization/include/robot_localization/robot_localization/srv/detail/get_state__struct.h
[3.991s] -- Up-to-date: /home/hi/robot_localization/install/robot_localization/include/robot_localization/robot_localization/srv/detail/to_ll__functions.c
[3.991s] -- Up-to-date: /home/hi/robot_localization/install/robot_localization/include/robot_localization/robot_localization/srv/detail/to_ll__type_support.h
[3.992s] -- Up-to-date: /home/hi/robot_localization/install/robot_localization/include/robot_localization/robot_localization/srv/detail/get_state__functions.h
[3.993s] -- Up-to-date: /home/hi/robot_localization/install/robot_localization/include/robot_localization/robot_localization/srv/detail/set_datum__functions.h
[3.993s] -- Up-to-date: /home/hi/robot_localization/install/robot_localization/include/robot_localization/robot_localization/srv/detail/toggle_filter_processing__struct.h
[3.994s] -- Up-to-date: /home/hi/robot_localization/install/robot_localization/include/robot_localization/robot_localization/srv/detail/toggle_filter_processing__functions.c
[3.995s] -- Up-to-date: /home/hi/robot_localization/install/robot_localization/include/robot_localization/robot_localization/srv/detail/get_state__type_support.h
[3.995s] -- Up-to-date: /home/hi/robot_localization/install/robot_localization/include/robot_localization/robot_localization/srv/detail/set_datum__type_support.h
[3.996s] -- Up-to-date: /home/hi/robot_localization/install/robot_localization/include/robot_localization/robot_localization/srv/detail/toggle_filter_processing__functions.h
[3.997s] -- Up-to-date: /home/hi/robot_localization/install/robot_localization/include/robot_localization/robot_localization/srv/detail/from_ll__functions.c
[3.997s] -- Up-to-date: /home/hi/robot_localization/install/robot_localization/include/robot_localization/robot_localization/srv/detail/set_pose__functions.h
[3.998s] -- Up-to-date: /home/hi/robot_localization/install/robot_localization/include/robot_localization/robot_localization/srv/to_ll.h
[3.999s] -- Up-to-date: /home/hi/robot_localization/install/robot_localization/include/robot_localization/robot_localization/srv/set_pose.h
[3.999s] -- Up-to-date: /home/hi/robot_localization/install/robot_localization/include/robot_localization/robot_localization/srv/from_ll.h
[4.000s] -- Up-to-date: /home/hi/robot_localization/install/robot_localization/include/robot_localization/robot_localization/srv/toggle_filter_processing.h
[4.001s] -- Up-to-date: /home/hi/robot_localization/install/robot_localization/include/robot_localization/robot_localization/msg
[4.002s] -- Up-to-date: /home/hi/robot_localization/install/robot_localization/include/robot_localization/robot_localization/msg/rosidl_generator_c__visibility_control.h
[4.003s] -- Up-to-date: /home/hi/robot_localization/install/robot_localization/share/robot_localization/environment/library_path.sh
[4.004s] -- Up-to-date: /home/hi/robot_localization/install/robot_localization/share/robot_localization/environment/library_path.dsv
[4.005s] -- Up-to-date: /home/hi/robot_localization/install/robot_localization/lib/librobot_localization__rosidl_generator_c.so
[4.006s] -- Up-to-date: /home/hi/robot_localization/install/robot_localization/include/robot_localization/robot_localization
[4.006s] -- Up-to-date: /home/hi/robot_localization/install/robot_localization/include/robot_localization/robot_localization/srv
[4.007s] -- Up-to-date: /home/hi/robot_localization/install/robot_localization/include/robot_localization/robot_localization/srv/detail
[4.007s] -- Up-to-date: /home/hi/robot_localization/install/robot_localization/include/robot_localization/robot_localization/srv/detail/toggle_filter_processing__rosidl_typesupport_fastrtps_c.h
[4.008s] -- Up-to-date: /home/hi/robot_localization/install/robot_localization/include/robot_localization/robot_localization/srv/detail/set_datum__rosidl_typesupport_fastrtps_c.h
[4.008s] -- Up-to-date: /home/hi/robot_localization/install/robot_localization/include/robot_localization/robot_localization/srv/detail/set_pose__rosidl_typesupport_fastrtps_c.h
[4.009s] -- Up-to-date: /home/hi/robot_localization/install/robot_localization/include/robot_localization/robot_localization/srv/detail/to_ll__rosidl_typesupport_fastrtps_c.h
[4.010s] -- Up-to-date: /home/hi/robot_localization/install/robot_localization/include/robot_localization/robot_localization/srv/detail/from_ll__rosidl_typesupport_fastrtps_c.h
[4.011s] -- Up-to-date: /home/hi/robot_localization/install/robot_localization/include/robot_localization/robot_localization/srv/detail/get_state__rosidl_typesupport_fastrtps_c.h
[4.012s] -- Up-to-date: /home/hi/robot_localization/install/robot_localization/include/robot_localization/robot_localization/msg
[4.013s] -- Up-to-date: /home/hi/robot_localization/install/robot_localization/include/robot_localization/robot_localization/msg/rosidl_typesupport_fastrtps_c__visibility_control.h
[4.016s] -- Up-to-date: /home/hi/robot_localization/install/robot_localization/lib/librobot_localization__rosidl_typesupport_fastrtps_c.so
[4.019s] -- Up-to-date: /home/hi/robot_localization/install/robot_localization/include/robot_localization/robot_localization
[4.019s] -- Up-to-date: /home/hi/robot_localization/install/robot_localization/include/robot_localization/robot_localization/srv
[4.020s] -- Up-to-date: /home/hi/robot_localization/install/robot_localization/include/robot_localization/robot_localization/srv/set_datum.hpp
[4.021s] -- Up-to-date: /home/hi/robot_localization/install/robot_localization/include/robot_localization/robot_localization/srv/detail
[4.022s] -- Up-to-date: /home/hi/robot_localization/install/robot_localization/include/robot_localization/robot_localization/srv/detail/set_datum__traits.hpp
[4.023s] -- Up-to-date: /home/hi/robot_localization/install/robot_localization/include/robot_localization/robot_localization/srv/detail/toggle_filter_processing__traits.hpp
[4.025s] -- Up-to-date: /home/hi/robot_localization/install/robot_localization/include/robot_localization/robot_localization/srv/detail/to_ll__builder.hpp
[4.026s] -- Up-to-date: /home/hi/robot_localization/install/robot_localization/include/robot_localization/robot_localization/srv/detail/set_pose__builder.hpp
[4.027s] -- Up-to-date: /home/hi/robot_localization/install/robot_localization/include/robot_localization/robot_localization/srv/detail/from_ll__builder.hpp
[4.028s] -- Up-to-date: /home/hi/robot_localization/install/robot_localization/include/robot_localization/robot_localization/srv/detail/from_ll__struct.hpp
[4.031s] -- Up-to-date: /home/hi/robot_localization/install/robot_localization/include/robot_localization/robot_localization/srv/detail/toggle_filter_processing__struct.hpp
[4.032s] -- Up-to-date: /home/hi/robot_localization/install/robot_localization/include/robot_localization/robot_localization/srv/detail/get_state__traits.hpp
[4.033s] -- Up-to-date: /home/hi/robot_localization/install/robot_localization/include/robot_localization/robot_localization/srv/detail/get_state__struct.hpp
[4.034s] -- Up-to-date: /home/hi/robot_localization/install/robot_localization/include/robot_localization/robot_localization/srv/detail/set_datum__builder.hpp
[4.034s] -- Up-to-date: /home/hi/robot_localization/install/robot_localization/include/robot_localization/robot_localization/srv/detail/set_pose__traits.hpp
[4.035s] -- Up-to-date: /home/hi/robot_localization/install/robot_localization/include/robot_localization/robot_localization/srv/detail/to_ll__struct.hpp
[4.036s] -- Up-to-date: /home/hi/robot_localization/install/robot_localization/include/robot_localization/robot_localization/srv/detail/from_ll__traits.hpp
[4.036s] -- Up-to-date: /home/hi/robot_localization/install/robot_localization/include/robot_localization/robot_localization/srv/detail/get_state__builder.hpp
[4.037s] -- Up-to-date: /home/hi/robot_localization/install/robot_localization/include/robot_localization/robot_localization/srv/detail/to_ll__traits.hpp
[4.038s] -- Up-to-date: /home/hi/robot_localization/install/robot_localization/include/robot_localization/robot_localization/srv/detail/toggle_filter_processing__builder.hpp
[4.039s] -- Up-to-date: /home/hi/robot_localization/install/robot_localization/include/robot_localization/robot_localization/srv/detail/set_pose__struct.hpp
[4.041s] -- Up-to-date: /home/hi/robot_localization/install/robot_localization/include/robot_localization/robot_localization/srv/detail/set_datum__struct.hpp
[4.041s] -- Up-to-date: /home/hi/robot_localization/install/robot_localization/include/robot_localization/robot_localization/srv/from_ll.hpp
[4.045s] -- Up-to-date: /home/hi/robot_localization/install/robot_localization/include/robot_localization/robot_localization/srv/toggle_filter_processing.hpp
[4.045s] -- Up-to-date: /home/hi/robot_localization/install/robot_localization/include/robot_localization/robot_localization/srv/to_ll.hpp
[4.046s] -- Up-to-date: /home/hi/robot_localization/install/robot_localization/include/robot_localization/robot_localization/srv/set_pose.hpp
[4.046s] -- Up-to-date: /home/hi/robot_localization/install/robot_localization/include/robot_localization/robot_localization/srv/get_state.hpp
[4.047s] -- Up-to-date: /home/hi/robot_localization/install/robot_localization/include/robot_localization/robot_localization
[4.047s] -- Up-to-date: /home/hi/robot_localization/install/robot_localization/include/robot_localization/robot_localization/srv
[4.048s] -- Up-to-date: /home/hi/robot_localization/install/robot_localization/include/robot_localization/robot_localization/srv/detail
[4.048s] -- Up-to-date: /home/hi/robot_localization/install/robot_localization/include/robot_localization/robot_localization/srv/detail/set_datum__rosidl_typesupport_fastrtps_cpp.hpp
[4.049s] -- Up-to-date: /home/hi/robot_localization/install/robot_localization/include/robot_localization/robot_localization/srv/detail/to_ll__rosidl_typesupport_fastrtps_cpp.hpp
[4.050s] -- Up-to-date: /home/hi/robot_localization/install/robot_localization/include/robot_localization/robot_localization/srv/detail/get_state__rosidl_typesupport_fastrtps_cpp.hpp
[4.050s] -- Up-to-date: /home/hi/robot_localization/install/robot_localization/include/robot_localization/robot_localization/srv/detail/dds_fastrtps
[4.051s] -- Up-to-date: /home/hi/robot_localization/install/robot_localization/include/robot_localization/robot_localization/srv/detail/from_ll__rosidl_typesupport_fastrtps_cpp.hpp
[4.051s] -- Up-to-date: /home/hi/robot_localization/install/robot_localization/include/robot_localization/robot_localization/srv/detail/set_pose__rosidl_typesupport_fastrtps_cpp.hpp
[4.052s] -- Up-to-date: /home/hi/robot_localization/install/robot_localization/include/robot_localization/robot_localization/srv/detail/toggle_filter_processing__rosidl_typesupport_fastrtps_cpp.hpp
[4.052s] -- Up-to-date: /home/hi/robot_localization/install/robot_localization/include/robot_localization/robot_localization/msg
[4.053s] -- Up-to-date: /home/hi/robot_localization/install/robot_localization/include/robot_localization/robot_localization/msg/rosidl_typesupport_fastrtps_cpp__visibility_control.h
[4.054s] -- Up-to-date: /home/hi/robot_localization/install/robot_localization/lib/librobot_localization__rosidl_typesupport_fastrtps_cpp.so
[4.054s] -- Up-to-date: /home/hi/robot_localization/install/robot_localization/include/robot_localization/robot_localization
[4.055s] -- Up-to-date: /home/hi/robot_localization/install/robot_localization/include/robot_localization/robot_localization/srv
[4.055s] -- Up-to-date: /home/hi/robot_localization/install/robot_localization/include/robot_localization/robot_localization/srv/detail
[4.056s] -- Up-to-date: /home/hi/robot_localization/install/robot_localization/include/robot_localization/robot_localization/srv/detail/to_ll__type_support.c
[4.057s] -- Up-to-date: /home/hi/robot_localization/install/robot_localization/include/robot_localization/robot_localization/srv/detail/toggle_filter_processing__rosidl_typesupport_introspection_c.h
[4.058s] -- Up-to-date: /home/hi/robot_localization/install/robot_localization/include/robot_localization/robot_localization/srv/detail/get_state__type_support.c
[4.059s] -- Up-to-date: /home/hi/robot_localization/install/robot_localization/include/robot_localization/robot_localization/srv/detail/from_ll__rosidl_typesupport_introspection_c.h
[4.060s] -- Up-to-date: /home/hi/robot_localization/install/robot_localization/include/robot_localization/robot_localization/srv/detail/set_datum__rosidl_typesupport_introspection_c.h
[4.060s] -- Up-to-date: /home/hi/robot_localization/install/robot_localization/include/robot_localization/robot_localization/srv/detail/set_pose__type_support.c
[4.061s] -- Up-to-date: /home/hi/robot_localization/install/robot_localization/include/robot_localization/robot_localization/srv/detail/from_ll__type_support.c
[4.062s] -- Up-to-date: /home/hi/robot_localization/install/robot_localization/include/robot_localization/robot_localization/srv/detail/set_pose__rosidl_typesupport_introspection_c.h
[4.063s] -- Up-to-date: /home/hi/robot_localization/install/robot_localization/include/robot_localization/robot_localization/srv/detail/to_ll__rosidl_typesupport_introspection_c.h
[4.063s] -- Up-to-date: /home/hi/robot_localization/install/robot_localization/include/robot_localization/robot_localization/srv/detail/toggle_filter_processing__type_support.c
[4.064s] -- Up-to-date: /home/hi/robot_localization/install/robot_localization/include/robot_localization/robot_localization/srv/detail/get_state__rosidl_typesupport_introspection_c.h
[4.066s] -- Up-to-date: /home/hi/robot_localization/install/robot_localization/include/robot_localization/robot_localization/srv/detail/set_datum__type_support.c
[4.068s] -- Up-to-date: /home/hi/robot_localization/install/robot_localization/include/robot_localization/robot_localization/msg
[4.068s] -- Up-to-date: /home/hi/robot_localization/install/robot_localization/include/robot_localization/robot_localization/msg/rosidl_typesupport_introspection_c__visibility_control.h
[4.069s] -- Up-to-date: /home/hi/robot_localization/install/robot_localization/lib/librobot_localization__rosidl_typesupport_introspection_c.so
[4.069s] -- Up-to-date: /home/hi/robot_localization/install/robot_localization/lib/librobot_localization__rosidl_typesupport_c.so
[4.070s] -- Up-to-date: /home/hi/robot_localization/install/robot_localization/include/robot_localization/robot_localization
[4.070s] -- Up-to-date: /home/hi/robot_localization/install/robot_localization/include/robot_localization/robot_localization/srv
[4.071s] -- Up-to-date: /home/hi/robot_localization/install/robot_localization/include/robot_localization/robot_localization/srv/detail
[4.072s] -- Up-to-date: /home/hi/robot_localization/install/robot_localization/include/robot_localization/robot_localization/srv/detail/set_datum__rosidl_typesupport_introspection_cpp.hpp
[4.072s] -- Up-to-date: /home/hi/robot_localization/install/robot_localization/include/robot_localization/robot_localization/srv/detail/set_pose__type_support.cpp
[4.073s] -- Up-to-date: /home/hi/robot_localization/install/robot_localization/include/robot_localization/robot_localization/srv/detail/to_ll__rosidl_typesupport_introspection_cpp.hpp
[4.074s] -- Up-to-date: /home/hi/robot_localization/install/robot_localization/include/robot_localization/robot_localization/srv/detail/set_pose__rosidl_typesupport_introspection_cpp.hpp
[4.075s] -- Up-to-date: /home/hi/robot_localization/install/robot_localization/include/robot_localization/robot_localization/srv/detail/get_state__rosidl_typesupport_introspection_cpp.hpp
[4.076s] -- Up-to-date: /home/hi/robot_localization/install/robot_localization/include/robot_localization/robot_localization/srv/detail/from_ll__rosidl_typesupport_introspection_cpp.hpp
[4.077s] -- Up-to-date: /home/hi/robot_localization/install/robot_localization/include/robot_localization/robot_localization/srv/detail/set_datum__type_support.cpp
[4.079s] -- Up-to-date: /home/hi/robot_localization/install/robot_localization/include/robot_localization/robot_localization/srv/detail/from_ll__type_support.cpp
[4.082s] -- Up-to-date: /home/hi/robot_localization/install/robot_localization/include/robot_localization/robot_localization/srv/detail/to_ll__type_support.cpp
[4.084s] -- Up-to-date: /home/hi/robot_localization/install/robot_localization/include/robot_localization/robot_localization/srv/detail/get_state__type_support.cpp
[4.085s] -- Up-to-date: /home/hi/robot_localization/install/robot_localization/include/robot_localization/robot_localization/srv/detail/toggle_filter_processing__rosidl_typesupport_introspection_cpp.hpp
[4.085s] -- Up-to-date: /home/hi/robot_localization/install/robot_localization/include/robot_localization/robot_localization/srv/detail/toggle_filter_processing__type_support.cpp
[4.086s] -- Up-to-date: /home/hi/robot_localization/install/robot_localization/lib/librobot_localization__rosidl_typesupport_introspection_cpp.so
[4.087s] -- Up-to-date: /home/hi/robot_localization/install/robot_localization/lib/librobot_localization__rosidl_typesupport_cpp.so
[4.088s] -- Up-to-date: /home/hi/robot_localization/install/robot_localization/share/robot_localization/environment/pythonpath.sh
[4.088s] -- Up-to-date: /home/hi/robot_localization/install/robot_localization/share/robot_localization/environment/pythonpath.dsv
[4.089s] -- Up-to-date: /home/hi/robot_localization/install/robot_localization/local/lib/python3.10/dist-packages/robot_localization-3.5.3-py3.10.egg-info
[4.090s] -- Installing: /home/hi/robot_localization/install/robot_localization/local/lib/python3.10/dist-packages/robot_localization-3.5.3-py3.10.egg-info/dependency_links.txt
[4.091s] -- Installing: /home/hi/robot_localization/install/robot_localization/local/lib/python3.10/dist-packages/robot_localization-3.5.3-py3.10.egg-info/top_level.txt
[4.092s] -- Installing: /home/hi/robot_localization/install/robot_localization/local/lib/python3.10/dist-packages/robot_localization-3.5.3-py3.10.egg-info/SOURCES.txt
[4.093s] -- Installing: /home/hi/robot_localization/install/robot_localization/local/lib/python3.10/dist-packages/robot_localization-3.5.3-py3.10.egg-info/PKG-INFO
[4.096s] -- Up-to-date: /home/hi/robot_localization/install/robot_localization/local/lib/python3.10/dist-packages/robot_localization
[4.098s] -- Up-to-date: /home/hi/robot_localization/install/robot_localization/local/lib/python3.10/dist-packages/robot_localization/_robot_localization_s.ep.rosidl_typesupport_c.c
[4.099s] -- Up-to-date: /home/hi/robot_localization/install/robot_localization/local/lib/python3.10/dist-packages/robot_localization/_robot_localization_s.ep.rosidl_typesupport_fastrtps_c.c
[4.100s] -- Up-to-date: /home/hi/robot_localization/install/robot_localization/local/lib/python3.10/dist-packages/robot_localization/robot_localization_s__rosidl_typesupport_introspection_c.cpython-310-aarch64-linux-gnu.so
[4.102s] -- Up-to-date: /home/hi/robot_localization/install/robot_localization/local/lib/python3.10/dist-packages/robot_localization/_robot_localization_s.ep.rosidl_typesupport_introspection_c.c
[4.103s] -- Up-to-date: /home/hi/robot_localization/install/robot_localization/local/lib/python3.10/dist-packages/robot_localization/srv
[4.105s] -- Up-to-date: /home/hi/robot_localization/install/robot_localization/local/lib/python3.10/dist-packages/robot_localization/srv/_set_pose_s.c
[4.106s] -- Up-to-date: /home/hi/robot_localization/install/robot_localization/local/lib/python3.10/dist-packages/robot_localization/srv/_toggle_filter_processing_s.c
[4.107s] -- Up-to-date: /home/hi/robot_localization/install/robot_localization/local/lib/python3.10/dist-packages/robot_localization/srv/_to_ll_s.c
[4.108s] -- Up-to-date: /home/hi/robot_localization/install/robot_localization/local/lib/python3.10/dist-packages/robot_localization/srv/_set_pose.py
[4.109s] -- Up-to-date: /home/hi/robot_localization/install/robot_localization/local/lib/python3.10/dist-packages/robot_localization/srv/_from_ll_s.c
[4.109s] -- Up-to-date: /home/hi/robot_localization/install/robot_localization/local/lib/python3.10/dist-packages/robot_localization/srv/_set_datum_s.c
[4.110s] -- Up-to-date: /home/hi/robot_localization/install/robot_localization/local/lib/python3.10/dist-packages/robot_localization/srv/_set_datum.py
[4.111s] -- Up-to-date: /home/hi/robot_localization/install/robot_localization/local/lib/python3.10/dist-packages/robot_localization/srv/__init__.py
[4.112s] -- Up-to-date: /home/hi/robot_localization/install/robot_localization/local/lib/python3.10/dist-packages/robot_localization/srv/_get_state.py
[4.112s] -- Up-to-date: /home/hi/robot_localization/install/robot_localization/local/lib/python3.10/dist-packages/robot_localization/srv/_get_state_s.c
[4.113s] -- Up-to-date: /home/hi/robot_localization/install/robot_localization/local/lib/python3.10/dist-packages/robot_localization/srv/_from_ll.py
[4.113s] -- Up-to-date: /home/hi/robot_localization/install/robot_localization/local/lib/python3.10/dist-packages/robot_localization/srv/_to_ll.py
[4.114s] -- Up-to-date: /home/hi/robot_localization/install/robot_localization/local/lib/python3.10/dist-packages/robot_localization/srv/_toggle_filter_processing.py
[4.114s] -- Up-to-date: /home/hi/robot_localization/install/robot_localization/local/lib/python3.10/dist-packages/robot_localization/robot_localization_s__rosidl_typesupport_c.cpython-310-aarch64-linux-gnu.so
[4.116s] -- Up-to-date: /home/hi/robot_localization/install/robot_localization/local/lib/python3.10/dist-packages/robot_localization/librobot_localization__rosidl_generator_py.so
[4.116s] -- Up-to-date: /home/hi/robot_localization/install/robot_localization/local/lib/python3.10/dist-packages/robot_localization/__init__.py
[4.117s] -- Up-to-date: /home/hi/robot_localization/install/robot_localization/local/lib/python3.10/dist-packages/robot_localization/robot_localization_s__rosidl_typesupport_fastrtps_c.cpython-310-aarch64-linux-gnu.so
[4.357s] Listing '/home/hi/robot_localization/install/robot_localization/local/lib/python3.10/dist-packages/robot_localization'...
[4.359s] Listing '/home/hi/robot_localization/install/robot_localization/local/lib/python3.10/dist-packages/robot_localization/srv'...
[4.398s] -- Up-to-date: /home/hi/robot_localization/install/robot_localization/local/lib/python3.10/dist-packages/robot_localization/robot_localization_s__rosidl_typesupport_fastrtps_c.cpython-310-aarch64-linux-gnu.so
[4.408s] -- Up-to-date: /home/hi/robot_localization/install/robot_localization/local/lib/python3.10/dist-packages/robot_localization/robot_localization_s__rosidl_typesupport_introspection_c.cpython-310-aarch64-linux-gnu.so
[4.418s] -- Up-to-date: /home/hi/robot_localization/install/robot_localization/local/lib/python3.10/dist-packages/robot_localization/robot_localization_s__rosidl_typesupport_c.cpython-310-aarch64-linux-gnu.so
[4.427s] -- Up-to-date: /home/hi/robot_localization/install/robot_localization/lib/librobot_localization__rosidl_generator_py.so
[4.430s] -- Up-to-date: /home/hi/robot_localization/install/robot_localization/share/robot_localization/srv/FromLL.idl
[4.432s] -- Up-to-date: /home/hi/robot_localization/install/robot_localization/share/robot_localization/srv/GetState.idl
[4.433s] -- Up-to-date: /home/hi/robot_localization/install/robot_localization/share/robot_localization/srv/SetDatum.idl
[4.436s] -- Up-to-date: /home/hi/robot_localization/install/robot_localization/share/robot_localization/srv/SetPose.idl
[4.437s] -- Up-to-date: /home/hi/robot_localization/install/robot_localization/share/robot_localization/srv/ToggleFilterProcessing.idl
[4.439s] -- Up-to-date: /home/hi/robot_localization/install/robot_localization/share/robot_localization/srv/ToLL.idl
[4.440s] -- Up-to-date: /home/hi/robot_localization/install/robot_localization/share/robot_localization/srv/FromLL.srv
[4.442s] -- Up-to-date: /home/hi/robot_localization/install/robot_localization/share/robot_localization/srv/FromLL_Request.msg
[4.444s] -- Up-to-date: /home/hi/robot_localization/install/robot_localization/share/robot_localization/srv/FromLL_Response.msg
[4.444s] -- Up-to-date: /home/hi/robot_localization/install/robot_localization/share/robot_localization/srv/GetState.srv
[4.445s] -- Up-to-date: /home/hi/robot_localization/install/robot_localization/share/robot_localization/srv/GetState_Request.msg
[4.445s] -- Up-to-date: /home/hi/robot_localization/install/robot_localization/share/robot_localization/srv/GetState_Response.msg
[4.447s] -- Up-to-date: /home/hi/robot_localization/install/robot_localization/share/robot_localization/srv/SetDatum.srv
[4.447s] -- Up-to-date: /home/hi/robot_localization/install/robot_localization/share/robot_localization/srv/SetDatum_Request.msg
[4.447s] -- Up-to-date: /home/hi/robot_localization/install/robot_localization/share/robot_localization/srv/SetDatum_Response.msg
[4.448s] -- Up-to-date: /home/hi/robot_localization/install/robot_localization/share/robot_localization/srv/SetPose.srv
[4.449s] -- Up-to-date: /home/hi/robot_localization/install/robot_localization/share/robot_localization/srv/SetPose_Request.msg
[4.449s] -- Up-to-date: /home/hi/robot_localization/install/robot_localization/share/robot_localization/srv/SetPose_Response.msg
[4.450s] -- Up-to-date: /home/hi/robot_localization/install/robot_localization/share/robot_localization/srv/ToggleFilterProcessing.srv
[4.451s] -- Up-to-date: /home/hi/robot_localization/install/robot_localization/share/robot_localization/srv/ToggleFilterProcessing_Request.msg
[4.451s] -- Up-to-date: /home/hi/robot_localization/install/robot_localization/share/robot_localization/srv/ToggleFilterProcessing_Response.msg
[4.452s] -- Up-to-date: /home/hi/robot_localization/install/robot_localization/share/robot_localization/srv/ToLL.srv
[4.454s] -- Up-to-date: /home/hi/robot_localization/install/robot_localization/share/robot_localization/srv/ToLL_Request.msg
[4.456s] -- Up-to-date: /home/hi/robot_localization/install/robot_localization/share/robot_localization/srv/ToLL_Response.msg
[4.457s] -- Up-to-date: /home/hi/robot_localization/install/robot_localization/lib/robot_localization/ekf_node
[4.458s] -- Up-to-date: /home/hi/robot_localization/install/robot_localization/lib/librl_lib.so
[4.459s] -- Up-to-date: /home/hi/robot_localization/install/robot_localization/include/robot_localization
[4.459s] -- Up-to-date: /home/hi/robot_localization/install/robot_localization/include/robot_localization/robot_localization
[4.460s] -- Up-to-date: /home/hi/robot_localization/install/robot_localization/include/robot_localization/robot_localization/ros_filter_types.hpp
[4.460s] -- Up-to-date: /home/hi/robot_localization/install/robot_localization/include/robot_localization/robot_localization/ros_filter.hpp
[4.461s] -- Up-to-date: /home/hi/robot_localization/install/robot_localization/include/robot_localization/robot_localization/ekf.hpp
[4.462s] -- Up-to-date: /home/hi/robot_localization/install/robot_localization/include/robot_localization/robot_localization/filter_state.hpp
[4.464s] -- Up-to-date: /home/hi/robot_localization/install/robot_localization/include/robot_localization/robot_localization/measurement.hpp
[4.467s] -- Up-to-date: /home/hi/robot_localization/install/robot_localization/include/robot_localization/robot_localization/filter_utilities.hpp
[4.468s] -- Up-to-date: /home/hi/robot_localization/install/robot_localization/include/robot_localization/robot_localization/filter_common.hpp
[4.470s] -- Up-to-date: /home/hi/robot_localization/install/robot_localization/include/robot_localization/robot_localization/ros_filter_utilities.hpp
[4.472s] -- Up-to-date: /home/hi/robot_localization/install/robot_localization/include/robot_localization/robot_localization/filter_base.hpp
[4.473s] -- Up-to-date: /home/hi/robot_localization/install/robot_localization/share/robot_localization/params
[4.474s] -- Up-to-date: /home/hi/robot_localization/install/robot_localization/share/robot_localization/params/ekf.yaml
[4.475s] -- Up-to-date: /home/hi/robot_localization/install/robot_localization/share/robot_localization/launch
[4.476s] -- Installing: /home/hi/robot_localization/install/robot_localization/share/robot_localization/launch/ekf.launch.py
[4.476s] -- Up-to-date: /home/hi/robot_localization/install/robot_localization/share/ament_index/resource_index/package_run_dependencies/robot_localization
[4.476s] -- Up-to-date: /home/hi/robot_localization/install/robot_localization/share/ament_index/resource_index/parent_prefix_path/robot_localization
[4.477s] -- Up-to-date: /home/hi/robot_localization/install/robot_localization/share/robot_localization/environment/ament_prefix_path.sh
[4.478s] -- Up-to-date: /home/hi/robot_localization/install/robot_localization/share/robot_localization/environment/ament_prefix_path.dsv
[4.481s] -- Up-to-date: /home/hi/robot_localization/install/robot_localization/share/robot_localization/environment/path.sh
[4.484s] -- Up-to-date: /home/hi/robot_localization/install/robot_localization/share/robot_localization/environment/path.dsv
[4.485s] -- Up-to-date: /home/hi/robot_localization/install/robot_localization/share/robot_localization/local_setup.bash
[4.485s] -- Up-to-date: /home/hi/robot_localization/install/robot_localization/share/robot_localization/local_setup.sh
[4.486s] -- Up-to-date: /home/hi/robot_localization/install/robot_localization/share/robot_localization/local_setup.zsh
[4.487s] -- Up-to-date: /home/hi/robot_localization/install/robot_localization/share/robot_localization/local_setup.dsv
[4.489s] -- Installing: /home/hi/robot_localization/install/robot_localization/share/robot_localization/package.dsv
[4.490s] -- Up-to-date: /home/hi/robot_localization/install/robot_localization/share/ament_index/resource_index/packages/robot_localization
[4.491s] -- Up-to-date: /home/hi/robot_localization/install/robot_localization/share/robot_localization/cmake/export_robot_localization__rosidl_generator_cExport.cmake
[4.492s] -- Up-to-date: /home/hi/robot_localization/install/robot_localization/share/robot_localization/cmake/export_robot_localization__rosidl_generator_cExport-relwithdebinfo.cmake
[4.492s] -- Up-to-date: /home/hi/robot_localization/install/robot_localization/share/robot_localization/cmake/export_robot_localization__rosidl_typesupport_fastrtps_cExport.cmake
[4.494s] -- Up-to-date: /home/hi/robot_localization/install/robot_localization/share/robot_localization/cmake/export_robot_localization__rosidl_typesupport_fastrtps_cExport-relwithdebinfo.cmake
[4.495s] -- Up-to-date: /home/hi/robot_localization/install/robot_localization/share/robot_localization/cmake/export_robot_localization__rosidl_generator_cppExport.cmake
[4.495s] -- Up-to-date: /home/hi/robot_localization/install/robot_localization/share/robot_localization/cmake/export_robot_localization__rosidl_typesupport_fastrtps_cppExport.cmake
[4.496s] -- Up-to-date: /home/hi/robot_localization/install/robot_localization/share/robot_localization/cmake/export_robot_localization__rosidl_typesupport_fastrtps_cppExport-relwithdebinfo.cmake
[4.498s] -- Up-to-date: /home/hi/robot_localization/install/robot_localization/share/robot_localization/cmake/robot_localization__rosidl_typesupport_introspection_cExport.cmake
[4.499s] -- Up-to-date: /home/hi/robot_localization/install/robot_localization/share/robot_localization/cmake/robot_localization__rosidl_typesupport_introspection_cExport-relwithdebinfo.cmake
[4.502s] -- Up-to-date: /home/hi/robot_localization/install/robot_localization/share/robot_localization/cmake/robot_localization__rosidl_typesupport_cExport.cmake
[4.503s] -- Up-to-date: /home/hi/robot_localization/install/robot_localization/share/robot_localization/cmake/robot_localization__rosidl_typesupport_cExport-relwithdebinfo.cmake
[4.506s] -- Up-to-date: /home/hi/robot_localization/install/robot_localization/share/robot_localization/cmake/robot_localization__rosidl_typesupport_introspection_cppExport.cmake
[4.506s] -- Up-to-date: /home/hi/robot_localization/install/robot_localization/share/robot_localization/cmake/robot_localization__rosidl_typesupport_introspection_cppExport-relwithdebinfo.cmake
[4.510s] -- Up-to-date: /home/hi/robot_localization/install/robot_localization/share/robot_localization/cmake/robot_localization__rosidl_typesupport_cppExport.cmake
[4.510s] -- Up-to-date: /home/hi/robot_localization/install/robot_localization/share/robot_localization/cmake/robot_localization__rosidl_typesupport_cppExport-relwithdebinfo.cmake
[4.513s] -- Up-to-date: /home/hi/robot_localization/install/robot_localization/share/robot_localization/cmake/export_robot_localization__rosidl_generator_pyExport.cmake
[4.514s] -- Up-to-date: /home/hi/robot_localization/install/robot_localization/share/robot_localization/cmake/export_robot_localization__rosidl_generator_pyExport-relwithdebinfo.cmake
[4.515s] -- Up-to-date: /home/hi/robot_localization/install/robot_localization/share/robot_localization/cmake/rosidl_cmake-extras.cmake
[4.517s] -- Up-to-date: /home/hi/robot_localization/install/robot_localization/share/robot_localization/cmake/ament_cmake_export_dependencies-extras.cmake
[4.518s] -- Up-to-date: /home/hi/robot_localization/install/robot_localization/share/robot_localization/cmake/ament_cmake_export_include_directories-extras.cmake
[4.519s] -- Up-to-date: /home/hi/robot_localization/install/robot_localization/share/robot_localization/cmake/ament_cmake_export_libraries-extras.cmake
[4.519s] -- Up-to-date: /home/hi/robot_localization/install/robot_localization/share/robot_localization/cmake/ament_cmake_export_targets-extras.cmake
[4.520s] -- Up-to-date: /home/hi/robot_localization/install/robot_localization/share/robot_localization/cmake/rosidl_cmake_export_typesupport_targets-extras.cmake
[4.520s] -- Up-to-date: /home/hi/robot_localization/install/robot_localization/share/robot_localization/cmake/rosidl_cmake_export_typesupport_libraries-extras.cmake
[4.520s] -- Up-to-date: /home/hi/robot_localization/install/robot_localization/share/robot_localization/cmake/robot_localizationConfig.cmake
[4.521s] -- Up-to-date: /home/hi/robot_localization/install/robot_localization/share/robot_localization/cmake/robot_localizationConfig-version.cmake
[4.521s] -- Up-to-date: /home/hi/robot_localization/install/robot_localization/share/robot_localization/package.xml
[4.529s] Invoked command in '/home/hi/robot_localization/build/robot_localization' returned '0': CMAKE_PREFIX_PATH=${CMAKE_PREFIX_PATH}:/opt/ros/humble /usr/bin/cmake --install /home/hi/robot_localization/build/robot_localization
