[0.151s] Invoking command in '/home/hi/robot_localization/build/robot_localization': CMAKE_PREFIX_PATH=${CMAKE_PREFIX_PATH}:/opt/ros/humble /usr/bin/cmake --build /home/hi/robot_localization/build/robot_localization -- -j4 -l4
[0.674s] [  1%] Built target robot_localization__cpp
[0.957s] [  1%] Built target ament_cmake_python_copy_robot_localization
[1.178s] [ 11%] Built target robot_localization__rosidl_typesupport_fastrtps_cpp
[1.416s] [ 21%] Built target robot_localization__rosidl_typesupport_introspection_cpp
[4.322s] running egg_info
[4.330s] writing robot_localization.egg-info/PKG-INFO
[4.331s] writing dependency_links to robot_localization.egg-info/dependency_links.txt
[4.343s] writing top-level names to robot_localization.egg-info/top_level.txt
[4.362s] reading manifest file 'robot_localization.egg-info/SOURCES.txt'
[4.369s] writing manifest file 'robot_localization.egg-info/SOURCES.txt'
[4.751s] [ 21%] Built target ament_cmake_python_build_robot_localization_egg
[4.964s] [ 31%] Built target robot_localization__rosidl_typesupport_cpp
[5.203s] [ 41%] Built target robot_localization__rosidl_generator_c
[5.504s] [ 49%] Built target rl_lib
[5.703s] [ 59%] Built target robot_localization__rosidl_typesupport_c
[5.936s] [ 62%] Built target ekf_node
[6.148s] [ 72%] Built target robot_localization__rosidl_typesupport_introspection_c
[6.386s] [ 82%] Built target robot_localization__rosidl_typesupport_fastrtps_c
[6.582s] [ 82%] Built target robot_localization
[6.770s] [ 83%] Built target robot_localization__py
[6.960s] [ 92%] Built target robot_localization__rosidl_generator_py
[7.168s] [ 94%] Built target robot_localization__rosidl_typesupport_fastrtps_c__pyext
[7.373s] [ 97%] Built target robot_localization__rosidl_typesupport_c__pyext
[7.607s] [100%] Built target robot_localization__rosidl_typesupport_introspection_c__pyext
[7.841s] Invoked command in '/home/hi/robot_localization/build/robot_localization' returned '0': CMAKE_PREFIX_PATH=${CMAKE_PREFIX_PATH}:/opt/ros/humble /usr/bin/cmake --build /home/hi/robot_localization/build/robot_localization -- -j4 -l4
[10.359s] Invoking command in '/home/hi/robot_localization/build/robot_localization': CMAKE_PREFIX_PATH=${CMAKE_PREFIX_PATH}:/opt/ros/humble /usr/bin/cmake --install /home/hi/robot_localization/build/robot_localization
[10.430s] -- Install configuration: "RelWithDebInfo"
[10.432s] -- Up-to-date: /home/hi/robot_localization/install/robot_localization/share/ament_index/resource_index/rosidl_interfaces/robot_localization
[10.435s] -- Up-to-date: /home/hi/robot_localization/install/robot_localization/include/robot_localization/robot_localization
[10.440s] -- Up-to-date: /home/hi/robot_localization/install/robot_localization/include/robot_localization/robot_localization/srv
[10.447s] -- Up-to-date: /home/hi/robot_localization/install/robot_localization/include/robot_localization/robot_localization/srv/get_state.h
[10.448s] -- Up-to-date: /home/hi/robot_localization/install/robot_localization/include/robot_localization/robot_localization/srv/set_datum.h
[10.451s] -- Up-to-date: /home/hi/robot_localization/install/robot_localization/include/robot_localization/robot_localization/srv/detail
[10.452s] -- Up-to-date: /home/hi/robot_localization/install/robot_localization/include/robot_localization/robot_localization/srv/detail/set_datum__functions.c
[10.454s] -- Up-to-date: /home/hi/robot_localization/install/robot_localization/include/robot_localization/robot_localization/srv/detail/set_datum__struct.h
[10.455s] -- Up-to-date: /home/hi/robot_localization/install/robot_localization/include/robot_localization/robot_localization/srv/detail/set_pose__functions.c
[10.456s] -- Up-to-date: /home/hi/robot_localization/install/robot_localization/include/robot_localization/robot_localization/srv/detail/set_pose__type_support.h
[10.458s] -- Up-to-date: /home/hi/robot_localization/install/robot_localization/include/robot_localization/robot_localization/srv/detail/from_ll__type_support.h
[10.460s] -- Up-to-date: /home/hi/robot_localization/install/robot_localization/include/robot_localization/robot_localization/srv/detail/from_ll__struct.h
[10.463s] -- Up-to-date: /home/hi/robot_localization/install/robot_localization/include/robot_localization/robot_localization/srv/detail/set_pose__struct.h
[10.465s] -- Up-to-date: /home/hi/robot_localization/install/robot_localization/include/robot_localization/robot_localization/srv/detail/get_state__functions.c
[10.468s] -- Up-to-date: /home/hi/robot_localization/install/robot_localization/include/robot_localization/robot_localization/srv/detail/toggle_filter_processing__type_support.h
[10.469s] -- Up-to-date: /home/hi/robot_localization/install/robot_localization/include/robot_localization/robot_localization/srv/detail/from_ll__functions.h
[10.472s] -- Up-to-date: /home/hi/robot_localization/install/robot_localization/include/robot_localization/robot_localization/srv/detail/to_ll__functions.h
[10.475s] -- Up-to-date: /home/hi/robot_localization/install/robot_localization/include/robot_localization/robot_localization/srv/detail/to_ll__struct.h
[10.479s] -- Up-to-date: /home/hi/robot_localization/install/robot_localization/include/robot_localization/robot_localization/srv/detail/get_state__struct.h
[10.485s] -- Up-to-date: /home/hi/robot_localization/install/robot_localization/include/robot_localization/robot_localization/srv/detail/to_ll__functions.c
[10.487s] -- Up-to-date: /home/hi/robot_localization/install/robot_localization/include/robot_localization/robot_localization/srv/detail/to_ll__type_support.h
[10.488s] -- Up-to-date: /home/hi/robot_localization/install/robot_localization/include/robot_localization/robot_localization/srv/detail/get_state__functions.h
[10.490s] -- Up-to-date: /home/hi/robot_localization/install/robot_localization/include/robot_localization/robot_localization/srv/detail/set_datum__functions.h
[10.498s] -- Up-to-date: /home/hi/robot_localization/install/robot_localization/include/robot_localization/robot_localization/srv/detail/toggle_filter_processing__struct.h
[10.501s] -- Up-to-date: /home/hi/robot_localization/install/robot_localization/include/robot_localization/robot_localization/srv/detail/toggle_filter_processing__functions.c
[10.503s] -- Up-to-date: /home/hi/robot_localization/install/robot_localization/include/robot_localization/robot_localization/srv/detail/get_state__type_support.h
[10.506s] -- Up-to-date: /home/hi/robot_localization/install/robot_localization/include/robot_localization/robot_localization/srv/detail/set_datum__type_support.h
[10.508s] -- Up-to-date: /home/hi/robot_localization/install/robot_localization/include/robot_localization/robot_localization/srv/detail/toggle_filter_processing__functions.h
[10.510s] -- Up-to-date: /home/hi/robot_localization/install/robot_localization/include/robot_localization/robot_localization/srv/detail/from_ll__functions.c
[10.511s] -- Up-to-date: /home/hi/robot_localization/install/robot_localization/include/robot_localization/robot_localization/srv/detail/set_pose__functions.h
[10.512s] -- Up-to-date: /home/hi/robot_localization/install/robot_localization/include/robot_localization/robot_localization/srv/to_ll.h
[10.513s] -- Up-to-date: /home/hi/robot_localization/install/robot_localization/include/robot_localization/robot_localization/srv/set_pose.h
[10.514s] -- Up-to-date: /home/hi/robot_localization/install/robot_localization/include/robot_localization/robot_localization/srv/from_ll.h
[10.518s] -- Up-to-date: /home/hi/robot_localization/install/robot_localization/include/robot_localization/robot_localization/srv/toggle_filter_processing.h
[10.520s] -- Up-to-date: /home/hi/robot_localization/install/robot_localization/include/robot_localization/robot_localization/msg
[10.521s] -- Up-to-date: /home/hi/robot_localization/install/robot_localization/include/robot_localization/robot_localization/msg/rosidl_generator_c__visibility_control.h
[10.523s] -- Up-to-date: /home/hi/robot_localization/install/robot_localization/share/robot_localization/environment/library_path.sh
[10.524s] -- Up-to-date: /home/hi/robot_localization/install/robot_localization/share/robot_localization/environment/library_path.dsv
[10.526s] -- Up-to-date: /home/hi/robot_localization/install/robot_localization/lib/librobot_localization__rosidl_generator_c.so
[10.526s] -- Up-to-date: /home/hi/robot_localization/install/robot_localization/include/robot_localization/robot_localization
[10.527s] -- Up-to-date: /home/hi/robot_localization/install/robot_localization/include/robot_localization/robot_localization/srv
[10.528s] -- Up-to-date: /home/hi/robot_localization/install/robot_localization/include/robot_localization/robot_localization/srv/detail
[10.528s] -- Up-to-date: /home/hi/robot_localization/install/robot_localization/include/robot_localization/robot_localization/srv/detail/toggle_filter_processing__rosidl_typesupport_fastrtps_c.h
[10.529s] -- Up-to-date: /home/hi/robot_localization/install/robot_localization/include/robot_localization/robot_localization/srv/detail/set_datum__rosidl_typesupport_fastrtps_c.h
[10.530s] -- Up-to-date: /home/hi/robot_localization/install/robot_localization/include/robot_localization/robot_localization/srv/detail/set_pose__rosidl_typesupport_fastrtps_c.h
[10.531s] -- Up-to-date: /home/hi/robot_localization/install/robot_localization/include/robot_localization/robot_localization/srv/detail/to_ll__rosidl_typesupport_fastrtps_c.h
[10.531s] -- Up-to-date: /home/hi/robot_localization/install/robot_localization/include/robot_localization/robot_localization/srv/detail/from_ll__rosidl_typesupport_fastrtps_c.h
[10.532s] -- Up-to-date: /home/hi/robot_localization/install/robot_localization/include/robot_localization/robot_localization/srv/detail/get_state__rosidl_typesupport_fastrtps_c.h
[10.533s] -- Up-to-date: /home/hi/robot_localization/install/robot_localization/include/robot_localization/robot_localization/msg
[10.534s] -- Up-to-date: /home/hi/robot_localization/install/robot_localization/include/robot_localization/robot_localization/msg/rosidl_typesupport_fastrtps_c__visibility_control.h
[10.534s] -- Up-to-date: /home/hi/robot_localization/install/robot_localization/lib/librobot_localization__rosidl_typesupport_fastrtps_c.so
[10.535s] -- Up-to-date: /home/hi/robot_localization/install/robot_localization/include/robot_localization/robot_localization
[10.536s] -- Up-to-date: /home/hi/robot_localization/install/robot_localization/include/robot_localization/robot_localization/srv
[10.536s] -- Up-to-date: /home/hi/robot_localization/install/robot_localization/include/robot_localization/robot_localization/srv/set_datum.hpp
[10.536s] -- Up-to-date: /home/hi/robot_localization/install/robot_localization/include/robot_localization/robot_localization/srv/detail
[10.537s] -- Up-to-date: /home/hi/robot_localization/install/robot_localization/include/robot_localization/robot_localization/srv/detail/set_datum__traits.hpp
[10.537s] -- Up-to-date: /home/hi/robot_localization/install/robot_localization/include/robot_localization/robot_localization/srv/detail/toggle_filter_processing__traits.hpp
[10.538s] -- Up-to-date: /home/hi/robot_localization/install/robot_localization/include/robot_localization/robot_localization/srv/detail/to_ll__builder.hpp
[10.538s] -- Up-to-date: /home/hi/robot_localization/install/robot_localization/include/robot_localization/robot_localization/srv/detail/set_pose__builder.hpp
[10.539s] -- Up-to-date: /home/hi/robot_localization/install/robot_localization/include/robot_localization/robot_localization/srv/detail/from_ll__builder.hpp
[10.539s] -- Up-to-date: /home/hi/robot_localization/install/robot_localization/include/robot_localization/robot_localization/srv/detail/from_ll__struct.hpp
[10.539s] -- Up-to-date: /home/hi/robot_localization/install/robot_localization/include/robot_localization/robot_localization/srv/detail/toggle_filter_processing__struct.hpp
[10.540s] -- Up-to-date: /home/hi/robot_localization/install/robot_localization/include/robot_localization/robot_localization/srv/detail/get_state__traits.hpp
[10.542s] -- Up-to-date: /home/hi/robot_localization/install/robot_localization/include/robot_localization/robot_localization/srv/detail/get_state__struct.hpp
[10.543s] -- Up-to-date: /home/hi/robot_localization/install/robot_localization/include/robot_localization/robot_localization/srv/detail/set_datum__builder.hpp
[10.547s] -- Up-to-date: /home/hi/robot_localization/install/robot_localization/include/robot_localization/robot_localization/srv/detail/set_pose__traits.hpp
[10.556s] -- Up-to-date: /home/hi/robot_localization/install/robot_localization/include/robot_localization/robot_localization/srv/detail/to_ll__struct.hpp
[10.557s] -- Up-to-date: /home/hi/robot_localization/install/robot_localization/include/robot_localization/robot_localization/srv/detail/from_ll__traits.hpp
[10.558s] -- Up-to-date: /home/hi/robot_localization/install/robot_localization/include/robot_localization/robot_localization/srv/detail/get_state__builder.hpp
[10.560s] -- Up-to-date: /home/hi/robot_localization/install/robot_localization/include/robot_localization/robot_localization/srv/detail/to_ll__traits.hpp
[10.564s] -- Up-to-date: /home/hi/robot_localization/install/robot_localization/include/robot_localization/robot_localization/srv/detail/toggle_filter_processing__builder.hpp
[10.577s] -- Up-to-date: /home/hi/robot_localization/install/robot_localization/include/robot_localization/robot_localization/srv/detail/set_pose__struct.hpp
[10.588s] -- Up-to-date: /home/hi/robot_localization/install/robot_localization/include/robot_localization/robot_localization/srv/detail/set_datum__struct.hpp
[10.599s] -- Up-to-date: /home/hi/robot_localization/install/robot_localization/include/robot_localization/robot_localization/srv/from_ll.hpp
[10.604s] -- Up-to-date: /home/hi/robot_localization/install/robot_localization/include/robot_localization/robot_localization/srv/toggle_filter_processing.hpp
[10.611s] -- Up-to-date: /home/hi/robot_localization/install/robot_localization/include/robot_localization/robot_localization/srv/to_ll.hpp
[10.612s] -- Up-to-date: /home/hi/robot_localization/install/robot_localization/include/robot_localization/robot_localization/srv/set_pose.hpp
[10.614s] -- Up-to-date: /home/hi/robot_localization/install/robot_localization/include/robot_localization/robot_localization/srv/get_state.hpp
[10.615s] -- Up-to-date: /home/hi/robot_localization/install/robot_localization/include/robot_localization/robot_localization
[10.618s] -- Up-to-date: /home/hi/robot_localization/install/robot_localization/include/robot_localization/robot_localization/srv
[10.620s] -- Up-to-date: /home/hi/robot_localization/install/robot_localization/include/robot_localization/robot_localization/srv/detail
[10.623s] -- Up-to-date: /home/hi/robot_localization/install/robot_localization/include/robot_localization/robot_localization/srv/detail/set_datum__rosidl_typesupport_fastrtps_cpp.hpp
[10.626s] -- Up-to-date: /home/hi/robot_localization/install/robot_localization/include/robot_localization/robot_localization/srv/detail/to_ll__rosidl_typesupport_fastrtps_cpp.hpp
[10.629s] -- Up-to-date: /home/hi/robot_localization/install/robot_localization/include/robot_localization/robot_localization/srv/detail/get_state__rosidl_typesupport_fastrtps_cpp.hpp
[10.631s] -- Up-to-date: /home/hi/robot_localization/install/robot_localization/include/robot_localization/robot_localization/srv/detail/dds_fastrtps
[10.634s] -- Up-to-date: /home/hi/robot_localization/install/robot_localization/include/robot_localization/robot_localization/srv/detail/from_ll__rosidl_typesupport_fastrtps_cpp.hpp
[10.635s] -- Up-to-date: /home/hi/robot_localization/install/robot_localization/include/robot_localization/robot_localization/srv/detail/set_pose__rosidl_typesupport_fastrtps_cpp.hpp
[10.636s] -- Up-to-date: /home/hi/robot_localization/install/robot_localization/include/robot_localization/robot_localization/srv/detail/toggle_filter_processing__rosidl_typesupport_fastrtps_cpp.hpp
[10.637s] -- Up-to-date: /home/hi/robot_localization/install/robot_localization/include/robot_localization/robot_localization/msg
[10.638s] -- Up-to-date: /home/hi/robot_localization/install/robot_localization/include/robot_localization/robot_localization/msg/rosidl_typesupport_fastrtps_cpp__visibility_control.h
[10.639s] -- Up-to-date: /home/hi/robot_localization/install/robot_localization/lib/librobot_localization__rosidl_typesupport_fastrtps_cpp.so
[10.640s] -- Up-to-date: /home/hi/robot_localization/install/robot_localization/include/robot_localization/robot_localization
[10.640s] -- Up-to-date: /home/hi/robot_localization/install/robot_localization/include/robot_localization/robot_localization/srv
[10.641s] -- Up-to-date: /home/hi/robot_localization/install/robot_localization/include/robot_localization/robot_localization/srv/detail
[10.660s] -- Up-to-date: /home/hi/robot_localization/install/robot_localization/include/robot_localization/robot_localization/srv/detail/to_ll__type_support.c
[10.665s] -- Up-to-date: /home/hi/robot_localization/install/robot_localization/include/robot_localization/robot_localization/srv/detail/toggle_filter_processing__rosidl_typesupport_introspection_c.h
[10.668s] -- Up-to-date: /home/hi/robot_localization/install/robot_localization/include/robot_localization/robot_localization/srv/detail/get_state__type_support.c
[10.670s] -- Up-to-date: /home/hi/robot_localization/install/robot_localization/include/robot_localization/robot_localization/srv/detail/from_ll__rosidl_typesupport_introspection_c.h
[10.672s] -- Up-to-date: /home/hi/robot_localization/install/robot_localization/include/robot_localization/robot_localization/srv/detail/set_datum__rosidl_typesupport_introspection_c.h
[10.674s] -- Up-to-date: /home/hi/robot_localization/install/robot_localization/include/robot_localization/robot_localization/srv/detail/set_pose__type_support.c
[10.676s] -- Up-to-date: /home/hi/robot_localization/install/robot_localization/include/robot_localization/robot_localization/srv/detail/from_ll__type_support.c
[10.680s] -- Up-to-date: /home/hi/robot_localization/install/robot_localization/include/robot_localization/robot_localization/srv/detail/set_pose__rosidl_typesupport_introspection_c.h
[10.684s] -- Up-to-date: /home/hi/robot_localization/install/robot_localization/include/robot_localization/robot_localization/srv/detail/to_ll__rosidl_typesupport_introspection_c.h
[10.688s] -- Up-to-date: /home/hi/robot_localization/install/robot_localization/include/robot_localization/robot_localization/srv/detail/toggle_filter_processing__type_support.c
[10.692s] -- Up-to-date: /home/hi/robot_localization/install/robot_localization/include/robot_localization/robot_localization/srv/detail/get_state__rosidl_typesupport_introspection_c.h
[10.696s] -- Up-to-date: /home/hi/robot_localization/install/robot_localization/include/robot_localization/robot_localization/srv/detail/set_datum__type_support.c
[10.697s] -- Up-to-date: /home/hi/robot_localization/install/robot_localization/include/robot_localization/robot_localization/msg
[10.699s] -- Up-to-date: /home/hi/robot_localization/install/robot_localization/include/robot_localization/robot_localization/msg/rosidl_typesupport_introspection_c__visibility_control.h
[10.702s] -- Up-to-date: /home/hi/robot_localization/install/robot_localization/lib/librobot_localization__rosidl_typesupport_introspection_c.so
[10.706s] -- Up-to-date: /home/hi/robot_localization/install/robot_localization/lib/librobot_localization__rosidl_typesupport_c.so
[10.709s] -- Up-to-date: /home/hi/robot_localization/install/robot_localization/include/robot_localization/robot_localization
[10.711s] -- Up-to-date: /home/hi/robot_localization/install/robot_localization/include/robot_localization/robot_localization/srv
[10.714s] -- Up-to-date: /home/hi/robot_localization/install/robot_localization/include/robot_localization/robot_localization/srv/detail
[10.716s] -- Up-to-date: /home/hi/robot_localization/install/robot_localization/include/robot_localization/robot_localization/srv/detail/set_datum__rosidl_typesupport_introspection_cpp.hpp
[10.718s] -- Up-to-date: /home/hi/robot_localization/install/robot_localization/include/robot_localization/robot_localization/srv/detail/set_pose__type_support.cpp
[10.720s] -- Up-to-date: /home/hi/robot_localization/install/robot_localization/include/robot_localization/robot_localization/srv/detail/to_ll__rosidl_typesupport_introspection_cpp.hpp
[10.722s] -- Up-to-date: /home/hi/robot_localization/install/robot_localization/include/robot_localization/robot_localization/srv/detail/set_pose__rosidl_typesupport_introspection_cpp.hpp
[10.727s] -- Up-to-date: /home/hi/robot_localization/install/robot_localization/include/robot_localization/robot_localization/srv/detail/get_state__rosidl_typesupport_introspection_cpp.hpp
[10.738s] -- Up-to-date: /home/hi/robot_localization/install/robot_localization/include/robot_localization/robot_localization/srv/detail/from_ll__rosidl_typesupport_introspection_cpp.hpp
[10.739s] -- Up-to-date: /home/hi/robot_localization/install/robot_localization/include/robot_localization/robot_localization/srv/detail/set_datum__type_support.cpp
[10.742s] -- Up-to-date: /home/hi/robot_localization/install/robot_localization/include/robot_localization/robot_localization/srv/detail/from_ll__type_support.cpp
[10.745s] -- Up-to-date: /home/hi/robot_localization/install/robot_localization/include/robot_localization/robot_localization/srv/detail/to_ll__type_support.cpp
[10.746s] -- Up-to-date: /home/hi/robot_localization/install/robot_localization/include/robot_localization/robot_localization/srv/detail/get_state__type_support.cpp
[10.747s] -- Up-to-date: /home/hi/robot_localization/install/robot_localization/include/robot_localization/robot_localization/srv/detail/toggle_filter_processing__rosidl_typesupport_introspection_cpp.hpp
[10.748s] -- Up-to-date: /home/hi/robot_localization/install/robot_localization/include/robot_localization/robot_localization/srv/detail/toggle_filter_processing__type_support.cpp
[10.751s] -- Up-to-date: /home/hi/robot_localization/install/robot_localization/lib/librobot_localization__rosidl_typesupport_introspection_cpp.so
[10.752s] -- Up-to-date: /home/hi/robot_localization/install/robot_localization/lib/librobot_localization__rosidl_typesupport_cpp.so
[10.754s] -- Up-to-date: /home/hi/robot_localization/install/robot_localization/share/robot_localization/environment/pythonpath.sh
[10.756s] -- Up-to-date: /home/hi/robot_localization/install/robot_localization/share/robot_localization/environment/pythonpath.dsv
[10.757s] -- Up-to-date: /home/hi/robot_localization/install/robot_localization/local/lib/python3.10/dist-packages/robot_localization-3.5.3-py3.10.egg-info
[10.760s] -- Installing: /home/hi/robot_localization/install/robot_localization/local/lib/python3.10/dist-packages/robot_localization-3.5.3-py3.10.egg-info/dependency_links.txt
[10.762s] -- Installing: /home/hi/robot_localization/install/robot_localization/local/lib/python3.10/dist-packages/robot_localization-3.5.3-py3.10.egg-info/top_level.txt
[10.763s] -- Installing: /home/hi/robot_localization/install/robot_localization/local/lib/python3.10/dist-packages/robot_localization-3.5.3-py3.10.egg-info/SOURCES.txt
[10.767s] -- Installing: /home/hi/robot_localization/install/robot_localization/local/lib/python3.10/dist-packages/robot_localization-3.5.3-py3.10.egg-info/PKG-INFO
[10.768s] -- Up-to-date: /home/hi/robot_localization/install/robot_localization/local/lib/python3.10/dist-packages/robot_localization
[10.770s] -- Up-to-date: /home/hi/robot_localization/install/robot_localization/local/lib/python3.10/dist-packages/robot_localization/_robot_localization_s.ep.rosidl_typesupport_c.c
[10.772s] -- Up-to-date: /home/hi/robot_localization/install/robot_localization/local/lib/python3.10/dist-packages/robot_localization/_robot_localization_s.ep.rosidl_typesupport_fastrtps_c.c
[10.774s] -- Up-to-date: /home/hi/robot_localization/install/robot_localization/local/lib/python3.10/dist-packages/robot_localization/robot_localization_s__rosidl_typesupport_introspection_c.cpython-310-aarch64-linux-gnu.so
[10.775s] -- Up-to-date: /home/hi/robot_localization/install/robot_localization/local/lib/python3.10/dist-packages/robot_localization/_robot_localization_s.ep.rosidl_typesupport_introspection_c.c
[10.777s] -- Up-to-date: /home/hi/robot_localization/install/robot_localization/local/lib/python3.10/dist-packages/robot_localization/srv
[10.779s] -- Up-to-date: /home/hi/robot_localization/install/robot_localization/local/lib/python3.10/dist-packages/robot_localization/srv/_set_pose_s.c
[10.780s] -- Up-to-date: /home/hi/robot_localization/install/robot_localization/local/lib/python3.10/dist-packages/robot_localization/srv/_toggle_filter_processing_s.c
[10.786s] -- Up-to-date: /home/hi/robot_localization/install/robot_localization/local/lib/python3.10/dist-packages/robot_localization/srv/_to_ll_s.c
[10.802s] -- Up-to-date: /home/hi/robot_localization/install/robot_localization/local/lib/python3.10/dist-packages/robot_localization/srv/_set_pose.py
[10.803s] -- Up-to-date: /home/hi/robot_localization/install/robot_localization/local/lib/python3.10/dist-packages/robot_localization/srv/_from_ll_s.c
[10.806s] -- Up-to-date: /home/hi/robot_localization/install/robot_localization/local/lib/python3.10/dist-packages/robot_localization/srv/_set_datum_s.c
[10.807s] -- Up-to-date: /home/hi/robot_localization/install/robot_localization/local/lib/python3.10/dist-packages/robot_localization/srv/_set_datum.py
[10.817s] -- Up-to-date: /home/hi/robot_localization/install/robot_localization/local/lib/python3.10/dist-packages/robot_localization/srv/__init__.py
[10.819s] -- Up-to-date: /home/hi/robot_localization/install/robot_localization/local/lib/python3.10/dist-packages/robot_localization/srv/_get_state.py
[10.821s] -- Up-to-date: /home/hi/robot_localization/install/robot_localization/local/lib/python3.10/dist-packages/robot_localization/srv/_get_state_s.c
[10.823s] -- Up-to-date: /home/hi/robot_localization/install/robot_localization/local/lib/python3.10/dist-packages/robot_localization/srv/_from_ll.py
[10.827s] -- Up-to-date: /home/hi/robot_localization/install/robot_localization/local/lib/python3.10/dist-packages/robot_localization/srv/_to_ll.py
[10.838s] -- Up-to-date: /home/hi/robot_localization/install/robot_localization/local/lib/python3.10/dist-packages/robot_localization/srv/_toggle_filter_processing.py
[10.846s] -- Up-to-date: /home/hi/robot_localization/install/robot_localization/local/lib/python3.10/dist-packages/robot_localization/robot_localization_s__rosidl_typesupport_c.cpython-310-aarch64-linux-gnu.so
[10.848s] -- Up-to-date: /home/hi/robot_localization/install/robot_localization/local/lib/python3.10/dist-packages/robot_localization/librobot_localization__rosidl_generator_py.so
[10.851s] -- Up-to-date: /home/hi/robot_localization/install/robot_localization/local/lib/python3.10/dist-packages/robot_localization/__init__.py
[10.854s] -- Up-to-date: /home/hi/robot_localization/install/robot_localization/local/lib/python3.10/dist-packages/robot_localization/robot_localization_s__rosidl_typesupport_fastrtps_c.cpython-310-aarch64-linux-gnu.so
[11.152s] Listing '/home/hi/robot_localization/install/robot_localization/local/lib/python3.10/dist-packages/robot_localization'...
[11.157s] Listing '/home/hi/robot_localization/install/robot_localization/local/lib/python3.10/dist-packages/robot_localization/srv'...
[11.255s] -- Up-to-date: /home/hi/robot_localization/install/robot_localization/local/lib/python3.10/dist-packages/robot_localization/robot_localization_s__rosidl_typesupport_fastrtps_c.cpython-310-aarch64-linux-gnu.so
[11.260s] -- Up-to-date: /home/hi/robot_localization/install/robot_localization/local/lib/python3.10/dist-packages/robot_localization/robot_localization_s__rosidl_typesupport_introspection_c.cpython-310-aarch64-linux-gnu.so
[11.271s] -- Up-to-date: /home/hi/robot_localization/install/robot_localization/local/lib/python3.10/dist-packages/robot_localization/robot_localization_s__rosidl_typesupport_c.cpython-310-aarch64-linux-gnu.so
[11.277s] -- Up-to-date: /home/hi/robot_localization/install/robot_localization/lib/librobot_localization__rosidl_generator_py.so
[11.282s] -- Up-to-date: /home/hi/robot_localization/install/robot_localization/share/robot_localization/srv/FromLL.idl
[11.295s] -- Up-to-date: /home/hi/robot_localization/install/robot_localization/share/robot_localization/srv/GetState.idl
[11.301s] -- Up-to-date: /home/hi/robot_localization/install/robot_localization/share/robot_localization/srv/SetDatum.idl
[11.313s] -- Up-to-date: /home/hi/robot_localization/install/robot_localization/share/robot_localization/srv/SetPose.idl
[11.316s] -- Up-to-date: /home/hi/robot_localization/install/robot_localization/share/robot_localization/srv/ToggleFilterProcessing.idl
[11.331s] -- Up-to-date: /home/hi/robot_localization/install/robot_localization/share/robot_localization/srv/ToLL.idl
[11.336s] -- Up-to-date: /home/hi/robot_localization/install/robot_localization/share/robot_localization/srv/FromLL.srv
[11.338s] -- Up-to-date: /home/hi/robot_localization/install/robot_localization/share/robot_localization/srv/FromLL_Request.msg
[11.340s] -- Up-to-date: /home/hi/robot_localization/install/robot_localization/share/robot_localization/srv/FromLL_Response.msg
[11.350s] -- Up-to-date: /home/hi/robot_localization/install/robot_localization/share/robot_localization/srv/GetState.srv
[11.351s] -- Up-to-date: /home/hi/robot_localization/install/robot_localization/share/robot_localization/srv/GetState_Request.msg
[11.360s] -- Up-to-date: /home/hi/robot_localization/install/robot_localization/share/robot_localization/srv/GetState_Response.msg
[11.372s] -- Up-to-date: /home/hi/robot_localization/install/robot_localization/share/robot_localization/srv/SetDatum.srv
[11.376s] -- Up-to-date: /home/hi/robot_localization/install/robot_localization/share/robot_localization/srv/SetDatum_Request.msg
[11.379s] -- Up-to-date: /home/hi/robot_localization/install/robot_localization/share/robot_localization/srv/SetDatum_Response.msg
[11.381s] -- Up-to-date: /home/hi/robot_localization/install/robot_localization/share/robot_localization/srv/SetPose.srv
[11.382s] -- Up-to-date: /home/hi/robot_localization/install/robot_localization/share/robot_localization/srv/SetPose_Request.msg
[11.386s] -- Up-to-date: /home/hi/robot_localization/install/robot_localization/share/robot_localization/srv/SetPose_Response.msg
[11.394s] -- Up-to-date: /home/hi/robot_localization/install/robot_localization/share/robot_localization/srv/ToggleFilterProcessing.srv
[11.396s] -- Up-to-date: /home/hi/robot_localization/install/robot_localization/share/robot_localization/srv/ToggleFilterProcessing_Request.msg
[11.398s] -- Up-to-date: /home/hi/robot_localization/install/robot_localization/share/robot_localization/srv/ToggleFilterProcessing_Response.msg
[11.399s] -- Up-to-date: /home/hi/robot_localization/install/robot_localization/share/robot_localization/srv/ToLL.srv
[11.401s] -- Up-to-date: /home/hi/robot_localization/install/robot_localization/share/robot_localization/srv/ToLL_Request.msg
[11.403s] -- Up-to-date: /home/hi/robot_localization/install/robot_localization/share/robot_localization/srv/ToLL_Response.msg
[11.405s] -- Up-to-date: /home/hi/robot_localization/install/robot_localization/lib/robot_localization/ekf_node
[11.408s] -- Up-to-date: /home/hi/robot_localization/install/robot_localization/lib/librl_lib.so
[11.411s] -- Up-to-date: /home/hi/robot_localization/install/robot_localization/include/robot_localization
[11.412s] -- Up-to-date: /home/hi/robot_localization/install/robot_localization/include/robot_localization/robot_localization
[11.414s] -- Up-to-date: /home/hi/robot_localization/install/robot_localization/include/robot_localization/robot_localization/ros_filter_types.hpp
[11.420s] -- Up-to-date: /home/hi/robot_localization/install/robot_localization/include/robot_localization/robot_localization/ros_filter.hpp
[11.424s] -- Up-to-date: /home/hi/robot_localization/install/robot_localization/include/robot_localization/robot_localization/ekf.hpp
[11.425s] -- Up-to-date: /home/hi/robot_localization/install/robot_localization/include/robot_localization/robot_localization/filter_state.hpp
[11.427s] -- Up-to-date: /home/hi/robot_localization/install/robot_localization/include/robot_localization/robot_localization/measurement.hpp
[11.428s] -- Up-to-date: /home/hi/robot_localization/install/robot_localization/include/robot_localization/robot_localization/filter_utilities.hpp
[11.431s] -- Up-to-date: /home/hi/robot_localization/install/robot_localization/include/robot_localization/robot_localization/filter_common.hpp
[11.432s] -- Up-to-date: /home/hi/robot_localization/install/robot_localization/include/robot_localization/robot_localization/ros_filter_utilities.hpp
[11.434s] -- Up-to-date: /home/hi/robot_localization/install/robot_localization/include/robot_localization/robot_localization/filter_base.hpp
[11.435s] -- Up-to-date: /home/hi/robot_localization/install/robot_localization/share/robot_localization/params
[11.436s] -- Up-to-date: /home/hi/robot_localization/install/robot_localization/share/robot_localization/params/ekf.yaml
[11.438s] -- Up-to-date: /home/hi/robot_localization/install/robot_localization/share/robot_localization/launch
[11.439s] -- Installing: /home/hi/robot_localization/install/robot_localization/share/robot_localization/launch/ekf.launch.py
[11.441s] -- Up-to-date: /home/hi/robot_localization/install/robot_localization/share/ament_index/resource_index/package_run_dependencies/robot_localization
[11.442s] -- Up-to-date: /home/hi/robot_localization/install/robot_localization/share/ament_index/resource_index/parent_prefix_path/robot_localization
[11.446s] -- Up-to-date: /home/hi/robot_localization/install/robot_localization/share/robot_localization/environment/ament_prefix_path.sh
[11.455s] -- Up-to-date: /home/hi/robot_localization/install/robot_localization/share/robot_localization/environment/ament_prefix_path.dsv
[11.457s] -- Up-to-date: /home/hi/robot_localization/install/robot_localization/share/robot_localization/environment/path.sh
[11.460s] -- Up-to-date: /home/hi/robot_localization/install/robot_localization/share/robot_localization/environment/path.dsv
[11.463s] -- Up-to-date: /home/hi/robot_localization/install/robot_localization/share/robot_localization/local_setup.bash
[11.465s] -- Up-to-date: /home/hi/robot_localization/install/robot_localization/share/robot_localization/local_setup.sh
[11.467s] -- Up-to-date: /home/hi/robot_localization/install/robot_localization/share/robot_localization/local_setup.zsh
[11.470s] -- Up-to-date: /home/hi/robot_localization/install/robot_localization/share/robot_localization/local_setup.dsv
[11.472s] -- Installing: /home/hi/robot_localization/install/robot_localization/share/robot_localization/package.dsv
[11.476s] -- Up-to-date: /home/hi/robot_localization/install/robot_localization/share/ament_index/resource_index/packages/robot_localization
[11.479s] -- Up-to-date: /home/hi/robot_localization/install/robot_localization/share/robot_localization/cmake/export_robot_localization__rosidl_generator_cExport.cmake
[11.481s] -- Up-to-date: /home/hi/robot_localization/install/robot_localization/share/robot_localization/cmake/export_robot_localization__rosidl_generator_cExport-relwithdebinfo.cmake
[11.483s] -- Up-to-date: /home/hi/robot_localization/install/robot_localization/share/robot_localization/cmake/export_robot_localization__rosidl_typesupport_fastrtps_cExport.cmake
[11.485s] -- Up-to-date: /home/hi/robot_localization/install/robot_localization/share/robot_localization/cmake/export_robot_localization__rosidl_typesupport_fastrtps_cExport-relwithdebinfo.cmake
[11.487s] -- Up-to-date: /home/hi/robot_localization/install/robot_localization/share/robot_localization/cmake/export_robot_localization__rosidl_generator_cppExport.cmake
[11.489s] -- Up-to-date: /home/hi/robot_localization/install/robot_localization/share/robot_localization/cmake/export_robot_localization__rosidl_typesupport_fastrtps_cppExport.cmake
[11.496s] -- Up-to-date: /home/hi/robot_localization/install/robot_localization/share/robot_localization/cmake/export_robot_localization__rosidl_typesupport_fastrtps_cppExport-relwithdebinfo.cmake
[11.498s] -- Up-to-date: /home/hi/robot_localization/install/robot_localization/share/robot_localization/cmake/robot_localization__rosidl_typesupport_introspection_cExport.cmake
[11.500s] -- Up-to-date: /home/hi/robot_localization/install/robot_localization/share/robot_localization/cmake/robot_localization__rosidl_typesupport_introspection_cExport-relwithdebinfo.cmake
[11.508s] -- Up-to-date: /home/hi/robot_localization/install/robot_localization/share/robot_localization/cmake/robot_localization__rosidl_typesupport_cExport.cmake
[11.510s] -- Up-to-date: /home/hi/robot_localization/install/robot_localization/share/robot_localization/cmake/robot_localization__rosidl_typesupport_cExport-relwithdebinfo.cmake
[11.511s] -- Up-to-date: /home/hi/robot_localization/install/robot_localization/share/robot_localization/cmake/robot_localization__rosidl_typesupport_introspection_cppExport.cmake
[11.513s] -- Up-to-date: /home/hi/robot_localization/install/robot_localization/share/robot_localization/cmake/robot_localization__rosidl_typesupport_introspection_cppExport-relwithdebinfo.cmake
[11.514s] -- Up-to-date: /home/hi/robot_localization/install/robot_localization/share/robot_localization/cmake/robot_localization__rosidl_typesupport_cppExport.cmake
[11.516s] -- Up-to-date: /home/hi/robot_localization/install/robot_localization/share/robot_localization/cmake/robot_localization__rosidl_typesupport_cppExport-relwithdebinfo.cmake
[11.534s] -- Up-to-date: /home/hi/robot_localization/install/robot_localization/share/robot_localization/cmake/export_robot_localization__rosidl_generator_pyExport.cmake
[11.536s] -- Up-to-date: /home/hi/robot_localization/install/robot_localization/share/robot_localization/cmake/export_robot_localization__rosidl_generator_pyExport-relwithdebinfo.cmake
[11.542s] -- Up-to-date: /home/hi/robot_localization/install/robot_localization/share/robot_localization/cmake/rosidl_cmake-extras.cmake
[11.544s] -- Up-to-date: /home/hi/robot_localization/install/robot_localization/share/robot_localization/cmake/ament_cmake_export_dependencies-extras.cmake
[11.547s] -- Up-to-date: /home/hi/robot_localization/install/robot_localization/share/robot_localization/cmake/ament_cmake_export_include_directories-extras.cmake
[11.549s] -- Up-to-date: /home/hi/robot_localization/install/robot_localization/share/robot_localization/cmake/ament_cmake_export_libraries-extras.cmake
[11.551s] -- Up-to-date: /home/hi/robot_localization/install/robot_localization/share/robot_localization/cmake/ament_cmake_export_targets-extras.cmake
[11.554s] -- Up-to-date: /home/hi/robot_localization/install/robot_localization/share/robot_localization/cmake/rosidl_cmake_export_typesupport_targets-extras.cmake
[11.556s] -- Up-to-date: /home/hi/robot_localization/install/robot_localization/share/robot_localization/cmake/rosidl_cmake_export_typesupport_libraries-extras.cmake
[11.558s] -- Up-to-date: /home/hi/robot_localization/install/robot_localization/share/robot_localization/cmake/robot_localizationConfig.cmake
[11.559s] -- Up-to-date: /home/hi/robot_localization/install/robot_localization/share/robot_localization/cmake/robot_localizationConfig-version.cmake
[11.560s] -- Up-to-date: /home/hi/robot_localization/install/robot_localization/share/robot_localization/package.xml
[11.563s] Invoked command in '/home/hi/robot_localization/build/robot_localization' returned '0': CMAKE_PREFIX_PATH=${CMAKE_PREFIX_PATH}:/opt/ros/humble /usr/bin/cmake --install /home/hi/robot_localization/build/robot_localization
